빌드 시작: 2015-11-03 오후 3:40:10
     1>2 노드의 "D:\1091055\window_programming\ch06\p02-MenuDesign\p02-MenuDesign.vcxproj" 프로젝트(rebuild 대상)입니다.
     1>_PrepareForClean:
         "Debug\p02-MenuDesign.lastbuildstate" 파일을 삭제하고 있습니다.
       InitializeBuildStatus:
         "AlwaysCreate"이(가) 지정되었기 때문에 "Debug\p02-MenuDesign.unsuccessfulbuild"을(를) 만들고 있습니다.
       ClCompile:
         C:\Program Files (x86)\Microsoft Visual Studio 10.0\VC\bin\CL.exe /c /ZI /nologo /W3 /WX- /Od /Oy- /D WIN32 /D _WINDOWS /D _DEBUG /D _MBCS /D _AFXDLL /Gm /EHsc /RTC1 /MDd /GS /fp:precise /Zc:wchar_t /Zc:forScope /Yc"StdAfx.h" /Fp"Debug\p02-MenuDesign.pch" /Fo"Debug\\" /Fd"Debug\vc100.pdb" /Gd /TP /analyze- /errorReport:prompt stdafx.cpp
         stdafx.cpp
         C:\Program Files (x86)\Microsoft Visual Studio 10.0\VC\bin\CL.exe /c /ZI /nologo /W3 /WX- /Od /Oy- /D WIN32 /D _WINDOWS /D _DEBUG /D _MBCS /D _AFXDLL /Gm /EHsc /RTC1 /MDd /GS /fp:precise /Zc:wchar_t /Zc:forScope /Yu"StdAfx.h" /Fp"Debug\p02-MenuDesign.pch" /Fo"Debug\\" /Fd"Debug\vc100.pdb" /Gd /TP /analyze- /errorReport:prompt ChildView.cpp MainFrm.cpp "p02-MenuDesign.cpp"
         p02-MenuDesign.cpp
         MainFrm.cpp
         ChildView.cpp
         코드를 생성하고 있습니다...
       ResourceCompile:
         C:\Program Files (x86)\Microsoft SDKs\Windows\v7.0A\bin\rc.exe /D _DEBUG /D _AFXDLL /l"0x0412" /IDebug\ /nologo /fo"Debug\p02-MenuDesign.res" p02-MenuDesign.rc 
       ManifestResourceCompile:
         C:\Program Files (x86)\Microsoft SDKs\Windows\v7.0A\bin\rc.exe /nologo /fo"Debug\p02-MenuDesign.exe.embed.manifest.res" Debug\p02-MenuDesign_manifest.rc 
       Link:
         C:\Program Files (x86)\Microsoft Visual Studio 10.0\VC\bin\link.exe /ERRORREPORT:PROMPT /OUT:"D:\1091055\window_programming\ch06\Debug\p02-MenuDesign.exe" /INCREMENTAL /NOLOGO /MANIFEST /ManifestFile:"Debug\p02-MenuDesign.exe.intermediate.manifest" /MANIFESTUAC:"level='asInvoker' uiAccess='false'" /DEBUG /PDB:"D:\1091055\window_programming\ch06\Debug\p02-MenuDesign.pdb" /SUBSYSTEM:WINDOWS /TLBID:1 /DYNAMICBASE /NXCOMPAT /IMPLIB:"D:\1091055\window_programming\ch06\Debug\p02-MenuDesign.lib" /MACHINE:X86 "Debug\p02-MenuDesign.res"
         "Debug\p02-MenuDesign.exe.embed.manifest.res"
         Debug\ChildView.obj
         Debug\MainFrm.obj
         "Debug\p02-MenuDesign.obj"
         Debug\stdafx.obj
       Manifest:
         "Debug\p02-MenuDesign.exe.embed.manifest" 파일을 삭제하고 있습니다.
         C:\Program Files (x86)\Microsoft SDKs\Windows\v7.0A\bin\mt.exe /nologo /verbose /out:"Debug\p02-MenuDesign.exe.embed.manifest" /manifest "Debug\p02-MenuDesign.exe.intermediate.manifest" "C:\Program Files (x86)\Microsoft Visual Studio 10.0\VC\Include\Manifest\dpiaware.manifest"
         C:\Program Files (x86)\Microsoft SDKs\Windows\v7.0A\bin\rc.exe /nologo /fo"Debug\p02-MenuDesign.exe.embed.manifest.res" Debug\p02-MenuDesign_manifest.rc 
       LinkEmbedManifest:
         C:\Program Files (x86)\Microsoft Visual Studio 10.0\VC\bin\link.exe /ERRORREPORT:PROMPT /OUT:"D:\1091055\window_programming\ch06\Debug\p02-MenuDesign.exe" /INCREMENTAL /NOLOGO /MANIFEST /ManifestFile:"Debug\p02-MenuDesign.exe.intermediate.manifest" /MANIFESTUAC:"level='asInvoker' uiAccess='false'" /DEBUG /PDB:"D:\1091055\window_programming\ch06\Debug\p02-MenuDesign.pdb" /SUBSYSTEM:WINDOWS /TLBID:1 /DYNAMICBASE /NXCOMPAT /IMPLIB:"D:\1091055\window_programming\ch06\Debug\p02-MenuDesign.lib" /MACHINE:X86 "Debug\p02-MenuDesign.res"
         "Debug\p02-MenuDesign.exe.embed.manifest.res"
         Debug\ChildView.obj
         Debug\MainFrm.obj
         "Debug\p02-MenuDesign.obj"
         Debug\stdafx.obj
         p02-MenuDesign.vcxproj -> D:\1091055\window_programming\ch06\Debug\p02-MenuDesign.exe
       FinalizeBuildStatus:
         "Debug\p02-MenuDesign.unsuccessfulbuild" 파일을 삭제하고 있습니다.
         "Debug\p02-MenuDesign.lastbuildstate"에 연결(touching)하고 있습니다.
     1>"D:\1091055\window_programming\ch06\p02-MenuDesign\p02-MenuDesign.vcxproj" 프로젝트를 빌드했습니다(rebuild 대상).

빌드했습니다.

경과 시간: 00:00:04.65
