D:\1091055\WINDOW_PROGRAMMING\CH06\DEBUG\P02-MENUDESIGN.EXE
D:\1091055\WINDOW_PROGRAMMING\CH06\DEBUG\P02-MENUDESIGN.ILK
D:\1091055\WINDOW_PROGRAMMING\CH06\DEBUG\P02-MENUDESIGN.PDB
D:\1091055\WINDOW_PROGRAMMING\CH06\P02-MENUDESIGN\DEBUG\CHILDVIEW.OBJ
D:\1091055\window_programming\ch06\p02-MenuDesign\Debug\cl.command.1.tlog
D:\1091055\window_programming\ch06\p02-MenuDesign\Debug\CL.read.1.tlog
D:\1091055\window_programming\ch06\p02-MenuDesign\Debug\CL.write.1.tlog
D:\1091055\window_programming\ch06\p02-MenuDesign\Debug\link.command.1.tlog
D:\1091055\window_programming\ch06\p02-MenuDesign\Debug\link.read.1.tlog
D:\1091055\window_programming\ch06\p02-MenuDesign\Debug\link.write.1.tlog
D:\1091055\window_programming\ch06\p02-MenuDesign\Debug\link-cvtres.read.1.tlog
D:\1091055\window_programming\ch06\p02-MenuDesign\Debug\link-cvtres.write.1.tlog
D:\1091055\WINDOW_PROGRAMMING\CH06\P02-MENUDESIGN\DEBUG\MAINFRM.OBJ
D:\1091055\window_programming\ch06\p02-MenuDesign\Debug\mt.command.1.tlog
D:\1091055\window_programming\ch06\p02-MenuDesign\Debug\mt.read.1.tlog
D:\1091055\window_programming\ch06\p02-MenuDesign\Debug\mt.write.1.tlog
D:\1091055\WINDOW_PROGRAMMING\CH06\P02-MENUDESIGN\DEBUG\P02-MENUDESIGN.EXE.EMBED.MANIFEST
D:\1091055\WINDOW_PROGRAMMING\CH06\P02-MENUDESIGN\DEBUG\P02-MENUDESIGN.EXE.EMBED.MANIFEST.RES
D:\1091055\WINDOW_PROGRAMMING\CH06\P02-MENUDESIGN\DEBUG\P02-MENUDESIGN.EXE.INTERMEDIATE.MANIFEST
D:\1091055\WINDOW_PROGRAMMING\CH06\P02-MENUDESIGN\DEBUG\P02-MENUDESIGN.OBJ
D:\1091055\WINDOW_PROGRAMMING\CH06\P02-MENUDESIGN\DEBUG\P02-MENUDESIGN.PCH
D:\1091055\WINDOW_PROGRAMMING\CH06\P02-MENUDESIGN\DEBUG\P02-MENUDESIGN.RES
D:\1091055\window_programming\ch06\p02-MenuDesign\Debug\p02-MenuDesign_manifest.rc
D:\1091055\window_programming\ch06\p02-MenuDesign\Debug\rc.command.1.tlog
D:\1091055\window_programming\ch06\p02-MenuDesign\Debug\rc.read.1.tlog
D:\1091055\window_programming\ch06\p02-MenuDesign\Debug\rc.write.1.tlog
D:\1091055\WINDOW_PROGRAMMING\CH06\P02-MENUDESIGN\DEBUG\STDAFX.OBJ
D:\1091055\window_programming\ch06\p02-MenuDesign\Debug\vc100.idb
D:\1091055\WINDOW_PROGRAMMING\CH06\P02-MENUDESIGN\DEBUG\VC100.PDB
