빌드 시작: 2015-11-10 오후 4:14:50
     1>2 노드의 "D:\1091055\window_programming\ch08\p02-resource\p02-resource.vcxproj" 프로젝트(build 대상)입니다.
     1>InitializeBuildStatus:
         "Debug\p02-resource.unsuccessfulbuild"에 연결(touching)하고 있습니다.
       ClCompile:
         모든 출력이 최신 상태입니다.
         C:\Program Files (x86)\Microsoft Visual Studio 10.0\VC\bin\CL.exe /c /ZI /nologo /W3 /WX- /Od /Oy- /D WIN32 /D _WINDOWS /D _DEBUG /D _MBCS /D _AFXDLL /Gm /EHsc /RTC1 /MDd /GS /fp:precise /Zc:wchar_t /Zc:forScope /Yu"StdAfx.h" /Fp"Debug\p02-resource.pch" /Fo"Debug\\" /Fd"Debug\vc100.pdb" /Gd /TP /analyze- /errorReport:prompt "p02-resourceView.cpp"
         p02-resourceView.cpp
       ResourceCompile:
         모든 출력이 최신 상태입니다.
       ManifestResourceCompile:
         모든 출력이 최신 상태입니다.
       Link:
         C:\Program Files (x86)\Microsoft Visual Studio 10.0\VC\bin\link.exe /ERRORREPORT:PROMPT /OUT:"D:\1091055\window_programming\ch08\Debug\p02-resource.exe" /INCREMENTAL /NOLOGO /MANIFEST /ManifestFile:"Debug\p02-resource.exe.intermediate.manifest" /MANIFESTUAC:"level='asInvoker' uiAccess='false'" /DEBUG /PDB:"D:\1091055\window_programming\ch08\Debug\p02-resource.pdb" /SUBSYSTEM:WINDOWS /TLBID:1 /DYNAMICBASE /NXCOMPAT /IMPLIB:"D:\1091055\window_programming\ch08\Debug\p02-resource.lib" /MACHINE:X86 "Debug\p02-resource.res"
         "Debug\p02-resource.exe.embed.manifest.res"
         Debug\MainFrm.obj
         "Debug\p02-resource.obj"
         "Debug\p02-resourceDoc.obj"
         "Debug\p02-resourceView.obj"
         Debug\stdafx.obj
       Manifest:
         C:\Program Files (x86)\Microsoft SDKs\Windows\v7.0A\bin\mt.exe /nologo /verbose /out:"Debug\p02-resource.exe.embed.manifest" /manifest "Debug\p02-resource.exe.intermediate.manifest" "C:\Program Files (x86)\Microsoft Visual Studio 10.0\VC\Include\Manifest\dpiaware.manifest"
         모든 출력이 최신 상태입니다.
       LinkEmbedManifest:
         모든 출력이 최신 상태입니다.
         p02-resource.vcxproj -> D:\1091055\window_programming\ch08\Debug\p02-resource.exe
       FinalizeBuildStatus:
         "Debug\p02-resource.unsuccessfulbuild" 파일을 삭제하고 있습니다.
         "Debug\p02-resource.lastbuildstate"에 연결(touching)하고 있습니다.
     1>"D:\1091055\window_programming\ch08\p02-resource\p02-resource.vcxproj" 프로젝트를 빌드했습니다(build 대상).

빌드했습니다.

경과 시간: 00:00:00.39
