C:\Users\multimedia\GitHub\2015_second_semester\3. Computer_network\실습\ch01\Server\Debug\cl.command.1.tlog
C:\Users\multimedia\GitHub\2015_second_semester\3. Computer_network\실습\ch01\Server\Debug\CL.read.1.tlog
C:\Users\multimedia\GitHub\2015_second_semester\3. Computer_network\실습\ch01\Server\Debug\CL.write.1.tlog
C:\Users\multimedia\GitHub\2015_second_semester\3. Computer_network\실습\ch01\Server\Debug\link.21092.read.1.tlog
C:\Users\multimedia\GitHub\2015_second_semester\3. Computer_network\실습\ch01\Server\Debug\link.21092.write.1.tlog
C:\Users\multimedia\GitHub\2015_second_semester\3. Computer_network\실습\ch01\Server\Debug\link.21092-cvtres.read.1.tlog
C:\Users\multimedia\GitHub\2015_second_semester\3. Computer_network\실습\ch01\Server\Debug\link.21092-cvtres.write.1.tlog
C:\Users\multimedia\GitHub\2015_second_semester\3. Computer_network\실습\ch01\Server\Debug\link.command.1.tlog
C:\Users\multimedia\GitHub\2015_second_semester\3. Computer_network\실습\ch01\Server\Debug\link.read.1.tlog
C:\Users\multimedia\GitHub\2015_second_semester\3. Computer_network\실습\ch01\Server\Debug\link.write.1.tlog
C:\Users\multimedia\GitHub\2015_second_semester\3. Computer_network\실습\ch01\Server\Debug\link-cvtres.read.1.tlog
C:\Users\multimedia\GitHub\2015_second_semester\3. Computer_network\실습\ch01\Server\Debug\link-cvtres.write.1.tlog
C:\Users\multimedia\GitHub\2015_second_semester\3. Computer_network\실습\ch01\Server\Debug\mt.command.1.tlog
C:\Users\multimedia\GitHub\2015_second_semester\3. Computer_network\실습\ch01\Server\Debug\mt.read.1.tlog
C:\Users\multimedia\GitHub\2015_second_semester\3. Computer_network\실습\ch01\Server\Debug\mt.write.1.tlog
C:\Users\multimedia\GitHub\2015_second_semester\3. Computer_network\실습\ch01\Server\Debug\rc.command.1.tlog
C:\Users\multimedia\GitHub\2015_second_semester\3. Computer_network\실습\ch01\Server\Debug\rc.read.1.tlog
C:\Users\multimedia\GitHub\2015_second_semester\3. Computer_network\실습\ch01\Server\Debug\rc.write.1.tlog
C:\USERS\MULTIMEDIA\GITHUB\2015_SECOND_SEMESTER\3. COMPUTER_NETWORK\실습\CH01\SERVER\DEBUG\SERVER.EXE.EMBED.MANIFEST
C:\USERS\MULTIMEDIA\GITHUB\2015_SECOND_SEMESTER\3. COMPUTER_NETWORK\실습\CH01\SERVER\DEBUG\SERVER.EXE.EMBED.MANIFEST.RES
C:\Users\multimedia\GitHub\2015_second_semester\3. Computer_network\실습\ch01\Server\Debug\Server.exe.intermediate.manifest
C:\USERS\MULTIMEDIA\GITHUB\2015_SECOND_SEMESTER\3. COMPUTER_NETWORK\실습\CH01\SERVER\DEBUG\SERVER.OBJ
C:\Users\multimedia\GitHub\2015_second_semester\3. Computer_network\실습\ch01\Server\Debug\Server.pdb
C:\Users\multimedia\GitHub\2015_second_semester\3. Computer_network\실습\ch01\Server\Debug\Server.write.1.tlog
C:\Users\multimedia\GitHub\2015_second_semester\3. Computer_network\실습\ch01\Server\Debug\Server_manifest.rc
C:\Users\multimedia\GitHub\2015_second_semester\3. Computer_network\실습\ch01\Server\Debug\vc100.idb
C:\USERS\MULTIMEDIA\GITHUB\2015_SECOND_SEMESTER\3. COMPUTER_NETWORK\실습\CH01\SERVER\DEBUG\VC100.PDB
