빌드 시작: 2015-10-13 오후 4:38:36
     1>2 노드의 "D:\1091055\window_programming\ch05\p01-DrawCircles\p01-DrawCircles.vcxproj" 프로젝트(build 대상)입니다.
     1>InitializeBuildStatus:
         "AlwaysCreate"이(가) 지정되었기 때문에 "Debug\p01-DrawCircles.unsuccessfulbuild"을(를) 만들고 있습니다.
       ClCompile:
         모든 출력이 최신 상태입니다.
         C:\Program Files (x86)\Microsoft Visual Studio 10.0\VC\bin\CL.exe /c /ZI /nologo /W3 /WX- /Od /Oy- /D WIN32 /D _WINDOWS /D _DEBUG /D _MBCS /D _AFXDLL /Gm /EHsc /RTC1 /MDd /GS /fp:precise /Zc:wchar_t /Zc:forScope /Yu"StdAfx.h" /Fp"Debug\p01-DrawCircles.pch" /Fo"Debug\\" /Fd"Debug\vc100.pdb" /Gd /TP /analyze- /errorReport:prompt MainFrm.cpp "p01-DrawCircles.cpp"
         MainFrm.cpp
         코드를 생성하고 있습니다...
         건너뛰고 있습니다... (관련된 변경 내용 없음)
         p01-DrawCircles.cpp
       ResourceCompile:
         모든 출력이 최신 상태입니다.
       ManifestResourceCompile:
         모든 출력이 최신 상태입니다.
       Link:
         C:\Program Files (x86)\Microsoft Visual Studio 10.0\VC\bin\link.exe /ERRORREPORT:PROMPT /OUT:"D:\1091055\window_programming\ch05\Debug\p01-DrawCircles.exe" /INCREMENTAL /NOLOGO /MANIFEST /ManifestFile:"Debug\p01-DrawCircles.exe.intermediate.manifest" /MANIFESTUAC:"level='asInvoker' uiAccess='false'" /DEBUG /PDB:"D:\1091055\window_programming\ch05\Debug\p01-DrawCircles.pdb" /SUBSYSTEM:WINDOWS /TLBID:1 /DYNAMICBASE /NXCOMPAT /IMPLIB:"D:\1091055\window_programming\ch05\Debug\p01-DrawCircles.lib" /MACHINE:X86 "Debug\p01-DrawCircles.res"
         "Debug\p01-DrawCircles.exe.embed.manifest.res"
         Debug\ChildView.obj
         Debug\MainFrm.obj
         "Debug\p01-DrawCircles.obj"
         Debug\stdafx.obj
       Manifest:
         C:\Program Files (x86)\Microsoft SDKs\Windows\v7.0A\bin\mt.exe /nologo /verbose /out:"Debug\p01-DrawCircles.exe.embed.manifest" /manifest "Debug\p01-DrawCircles.exe.intermediate.manifest" "C:\Program Files (x86)\Microsoft Visual Studio 10.0\VC\Include\Manifest\dpiaware.manifest"
         모든 출력이 최신 상태입니다.
       LinkEmbedManifest:
         모든 출력이 최신 상태입니다.
         p01-DrawCircles.vcxproj -> D:\1091055\window_programming\ch05\Debug\p01-DrawCircles.exe
       FinalizeBuildStatus:
         "Debug\p01-DrawCircles.unsuccessfulbuild" 파일을 삭제하고 있습니다.
         "Debug\p01-DrawCircles.lastbuildstate"에 연결(touching)하고 있습니다.
     1>"D:\1091055\window_programming\ch05\p01-DrawCircles\p01-DrawCircles.vcxproj" 프로젝트를 빌드했습니다(build 대상).

빌드했습니다.

경과 시간: 00:00:00.58
