빌드 시작: 2015-10-20 오후 1:45:11
     1>2 노드의 "C:\Users\multimedia\GitHub\2015_second_semester\2. window_programming\시험대비\ch05\p01-drawcircles\p01-drawcircles.vcxproj" 프로젝트(build 대상)입니다.
     1>InitializeBuildStatus:
         "Debug\p01-drawcircles.unsuccessfulbuild"에 연결(touching)하고 있습니다.
       ClCompile:
         모든 출력이 최신 상태입니다.
         C:\Program Files (x86)\Microsoft Visual Studio 10.0\VC\bin\CL.exe /c /ZI /nologo /W3 /WX- /Od /Oy- /D WIN32 /D _WINDOWS /D _DEBUG /D _MBCS /D _AFXDLL /Gm /EHsc /RTC1 /MDd /GS /fp:precise /Zc:wchar_t /Zc:forScope /Yu"StdAfx.h" /Fp"Debug\p01-drawcircles.pch" /Fo"Debug\\" /Fd"Debug\vc100.pdb" /Gd /TP /analyze- /errorReport:prompt ChildView.cpp MainFrm.cpp "p01-drawcircles.cpp"
         p01-drawcircles.cpp
     1>c:\users\multimedia\github\2015_second_semester\2. window_programming\시험대비\ch05\p01-drawcircles\childview.h(26): error C2039: 'vector' : 'std'의 멤버가 아닙니다.
     1>c:\users\multimedia\github\2015_second_semester\2. window_programming\시험대비\ch05\p01-drawcircles\childview.h(26): error C2143: 구문 오류 : ';'이(가) '<' 앞에 없습니다.
     1>c:\users\multimedia\github\2015_second_semester\2. window_programming\시험대비\ch05\p01-drawcircles\childview.h(26): error C4430: 형식 지정자가 없습니다. int로 가정합니다. 참고: C++에서는 기본 int를 지원하지 않습니다.
     1>c:\users\multimedia\github\2015_second_semester\2. window_programming\시험대비\ch05\p01-drawcircles\childview.h(26): error C2238: ';' 앞에 예기치 않은 토큰이 있습니다.
         MainFrm.cpp
     1>c:\users\multimedia\github\2015_second_semester\2. window_programming\시험대비\ch05\p01-drawcircles\childview.h(26): error C2039: 'vector' : 'std'의 멤버가 아닙니다.
     1>c:\users\multimedia\github\2015_second_semester\2. window_programming\시험대비\ch05\p01-drawcircles\childview.h(26): error C2143: 구문 오류 : ';'이(가) '<' 앞에 없습니다.
     1>c:\users\multimedia\github\2015_second_semester\2. window_programming\시험대비\ch05\p01-drawcircles\childview.h(26): error C4430: 형식 지정자가 없습니다. int로 가정합니다. 참고: C++에서는 기본 int를 지원하지 않습니다.
     1>c:\users\multimedia\github\2015_second_semester\2. window_programming\시험대비\ch05\p01-drawcircles\childview.h(26): error C2238: ';' 앞에 예기치 않은 토큰이 있습니다.
         ChildView.cpp
     1>c:\users\multimedia\github\2015_second_semester\2. window_programming\시험대비\ch05\p01-drawcircles\childview.h(26): error C2039: 'vector' : 'std'의 멤버가 아닙니다.
     1>c:\users\multimedia\github\2015_second_semester\2. window_programming\시험대비\ch05\p01-drawcircles\childview.h(26): error C2143: 구문 오류 : ';'이(가) '<' 앞에 없습니다.
     1>c:\users\multimedia\github\2015_second_semester\2. window_programming\시험대비\ch05\p01-drawcircles\childview.h(26): error C4430: 형식 지정자가 없습니다. int로 가정합니다. 참고: C++에서는 기본 int를 지원하지 않습니다.
     1>c:\users\multimedia\github\2015_second_semester\2. window_programming\시험대비\ch05\p01-drawcircles\childview.h(26): error C2238: ';' 앞에 예기치 않은 토큰이 있습니다.
         코드를 생성하고 있습니다...
     1>"C:\Users\multimedia\GitHub\2015_second_semester\2. window_programming\시험대비\ch05\p01-drawcircles\p01-drawcircles.vcxproj" 프로젝트를 빌드했습니다(build 대상). - 실패

빌드하지 못했습니다.

경과 시간: 00:00:00.39
