빌드 시작: 2015-12-08 오후 1:03:11
     1>2 노드의 "C:\Users\multimedia\Documents\GitHub\2015_second_semester\2. window_programming\ch08\p07-subclassing\p07-subclassing.vcxproj" 프로젝트(build 대상)입니다.
     1>InitializeBuildStatus:
         "AlwaysCreate"이(가) 지정되었기 때문에 "Debug\p07-subclassing.unsuccessfulbuild"을(를) 만들고 있습니다.
       ClCompile:
         C:\Program Files (x86)\Microsoft Visual Studio 10.0\VC\bin\CL.exe /c /ZI /nologo /W3 /WX- /Od /Oy- /D WIN32 /D _WINDOWS /D _DEBUG /D _MBCS /D _AFXDLL /Gm /EHsc /RTC1 /MDd /GS /fp:precise /Zc:wchar_t /Zc:forScope /Yc"StdAfx.h" /Fp"Debug\p07-subclassing.pch" /Fo"Debug\\" /Fd"Debug\vc100.pdb" /Gd /TP /analyze- /errorReport:prompt stdafx.cpp
         stdafx.cpp
         C:\Program Files (x86)\Microsoft Visual Studio 10.0\VC\bin\CL.exe /c /ZI /nologo /W3 /WX- /Od /Oy- /D WIN32 /D _WINDOWS /D _DEBUG /D _MBCS /D _AFXDLL /Gm /EHsc /RTC1 /MDd /GS /fp:precise /Zc:wchar_t /Zc:forScope /Yu"StdAfx.h" /Fp"Debug\p07-subclassing.pch" /Fo"Debug\\" /Fd"Debug\vc100.pdb" /Gd /TP /analyze- /errorReport:prompt MainFrm.cpp MyEdit.cpp "p07-subclassing.cpp" "p07-subclassingDoc.cpp" "p07-subclassingView.cpp"
         p07-subclassingView.cpp
         p07-subclassingDoc.cpp
         p07-subclassing.cpp
         MyEdit.cpp
         MainFrm.cpp
         코드를 생성하고 있습니다...
       ResourceCompile:
         c:\Program Files (x86)\Microsoft SDKs\Windows\v7.0A\bin\rc.exe /D _DEBUG /D _AFXDLL /l"0x0412" /IDebug\ /nologo /fo"Debug\p07-subclassing.res" p07-subclassing.rc 
       ManifestResourceCompile:
         c:\Program Files (x86)\Microsoft SDKs\Windows\v7.0A\bin\rc.exe /nologo /fo"Debug\p07-subclassing.exe.embed.manifest.res" Debug\p07-subclassing_manifest.rc 
       Link:
         C:\Program Files (x86)\Microsoft Visual Studio 10.0\VC\bin\link.exe /ERRORREPORT:PROMPT /OUT:"C:\Users\multimedia\Documents\GitHub\2015_second_semester\2. window_programming\ch08\Debug\p07-subclassing.exe" /INCREMENTAL /NOLOGO /MANIFEST /ManifestFile:"Debug\p07-subclassing.exe.intermediate.manifest" /MANIFESTUAC:"level='asInvoker' uiAccess='false'" /DEBUG /PDB:"C:\Users\multimedia\Documents\GitHub\2015_second_semester\2. window_programming\ch08\Debug\p07-subclassing.pdb" /SUBSYSTEM:WINDOWS /TLBID:1 /DYNAMICBASE /NXCOMPAT /IMPLIB:"C:\Users\multimedia\Documents\GitHub\2015_second_semester\2. window_programming\ch08\Debug\p07-subclassing.lib" /MACHINE:X86 "Debug\p07-subclassing.res"
         "Debug\p07-subclassing.exe.embed.manifest.res"
         Debug\MainFrm.obj
         Debug\MyEdit.obj
         "Debug\p07-subclassing.obj"
         "Debug\p07-subclassingDoc.obj"
         "Debug\p07-subclassingView.obj"
         Debug\stdafx.obj
       Manifest:
         c:\Program Files (x86)\Microsoft SDKs\Windows\v7.0A\bin\mt.exe /nologo /verbose /out:"Debug\p07-subclassing.exe.embed.manifest" /manifest "Debug\p07-subclassing.exe.intermediate.manifest" "C:\Program Files (x86)\Microsoft Visual Studio 10.0\VC\Include\Manifest\dpiaware.manifest"
         모든 출력이 최신 상태입니다.
       LinkEmbedManifest:
         모든 출력이 최신 상태입니다.
         p07-subclassing.vcxproj -> C:\Users\multimedia\Documents\GitHub\2015_second_semester\2. window_programming\ch08\Debug\p07-subclassing.exe
       FinalizeBuildStatus:
         "Debug\p07-subclassing.unsuccessfulbuild" 파일을 삭제하고 있습니다.
         "Debug\p07-subclassing.lastbuildstate"에 연결(touching)하고 있습니다.
     1>"C:\Users\multimedia\Documents\GitHub\2015_second_semester\2. window_programming\ch08\p07-subclassing\p07-subclassing.vcxproj" 프로젝트를 빌드했습니다(build 대상).

빌드했습니다.

경과 시간: 00:00:04.51
