빌드 시작: 2015-09-15 오후 4:42:28
     1>2 노드의 "D:\1091055\window_programming\ch03\ex01\ex01.vcxproj" 프로젝트(build 대상)입니다.
     1>InitializeBuildStatus:
         "Debug\ex01.unsuccessfulbuild"에 연결(touching)하고 있습니다.
       ClCompile:
         모든 출력이 최신 상태입니다.
         C:\Program Files (x86)\Microsoft Visual Studio 10.0\VC\bin\CL.exe /c /ZI /nologo /W3 /WX- /Od /Oy- /D WIN32 /D _WINDOWS /D _DEBUG /D _MBCS /D _AFXDLL /Gm /EHsc /RTC1 /MDd /GS /fp:precise /Zc:wchar_t /Zc:forScope /Yu"StdAfx.h" /Fp"Debug\ex01.pch" /Fo"Debug\\" /Fd"Debug\vc100.pdb" /Gd /TP /analyze- /errorReport:prompt MainFrm.cpp
         MainFrm.cpp
       ResourceCompile:
         모든 출력이 최신 상태입니다.
       ManifestResourceCompile:
         모든 출력이 최신 상태입니다.
       Link:
         C:\Program Files (x86)\Microsoft Visual Studio 10.0\VC\bin\link.exe /ERRORREPORT:PROMPT /OUT:"D:\1091055\window_programming\ch03\Debug\ex01.exe" /INCREMENTAL /NOLOGO /MANIFEST /ManifestFile:"Debug\ex01.exe.intermediate.manifest" /MANIFESTUAC:"level='asInvoker' uiAccess='false'" /DEBUG /PDB:"D:\1091055\window_programming\ch03\Debug\ex01.pdb" /SUBSYSTEM:WINDOWS /TLBID:1 /DYNAMICBASE /NXCOMPAT /IMPLIB:"D:\1091055\window_programming\ch03\Debug\ex01.lib" /MACHINE:X86 Debug\ex01.res
         Debug\ex01.exe.embed.manifest.res
         Debug\ChildView.obj
         Debug\ex01.obj
         Debug\MainFrm.obj
         Debug\stdafx.obj
     1>LINK : fatal error LNK1168: D:\1091055\window_programming\ch03\Debug\ex01.exe을(를) 쓰기용으로 열 수 없습니다.
     1>"D:\1091055\window_programming\ch03\ex01\ex01.vcxproj" 프로젝트를 빌드했습니다(build 대상). - 실패

빌드하지 못했습니다.

경과 시간: 00:00:00.18
