빌드 시작: 2015-11-17 오후 4:39:12
     1>2 노드의 "D:\1091055\window_programming\ch08\xx03-subclassing\xx03-subclassing.vcxproj" 프로젝트(build 대상)입니다.
     1>InitializeBuildStatus:
         "AlwaysCreate"이(가) 지정되었기 때문에 "Debug\xx03-subclassing.unsuccessfulbuild"을(를) 만들고 있습니다.
       ClCompile:
         모든 출력이 최신 상태입니다.
         C:\Program Files (x86)\Microsoft Visual Studio 10.0\VC\bin\CL.exe /c /ZI /nologo /W3 /WX- /Od /Oy- /D WIN32 /D _WINDOWS /D _DEBUG /D _MBCS /D _AFXDLL /Gm /EHsc /RTC1 /MDd /GS /fp:precise /Zc:wchar_t /Zc:forScope /Yu"StdAfx.h" /Fp"Debug\xx03-subclassing.pch" /Fo"Debug\\" /Fd"Debug\vc100.pdb" /Gd /TP /analyze- /errorReport:prompt "xx03-subclassingView.cpp"
         xx03-subclassingView.cpp
       ResourceCompile:
         모든 출력이 최신 상태입니다.
       ManifestResourceCompile:
         모든 출력이 최신 상태입니다.
       Link:
         C:\Program Files (x86)\Microsoft Visual Studio 10.0\VC\bin\link.exe /ERRORREPORT:PROMPT /OUT:"D:\1091055\window_programming\ch08\Debug\xx03-subclassing.exe" /INCREMENTAL /NOLOGO /MANIFEST /ManifestFile:"Debug\xx03-subclassing.exe.intermediate.manifest" /MANIFESTUAC:"level='asInvoker' uiAccess='false'" /DEBUG /PDB:"D:\1091055\window_programming\ch08\Debug\xx03-subclassing.pdb" /SUBSYSTEM:WINDOWS /TLBID:1 /DYNAMICBASE /NXCOMPAT /IMPLIB:"D:\1091055\window_programming\ch08\Debug\xx03-subclassing.lib" /MACHINE:X86 "Debug\xx03-subclassing.res"
         "Debug\xx03-subclassing.exe.embed.manifest.res"
         Debug\MainFrm.obj
         Debug\MyEdit.obj
         Debug\stdafx.obj
         "Debug\xx03-subclassing.obj"
         "Debug\xx03-subclassingDoc.obj"
         "Debug\xx03-subclassingView.obj"
       Manifest:
         C:\Program Files (x86)\Microsoft SDKs\Windows\v7.0A\bin\mt.exe /nologo /verbose /out:"Debug\xx03-subclassing.exe.embed.manifest" /manifest "Debug\xx03-subclassing.exe.intermediate.manifest" "C:\Program Files (x86)\Microsoft Visual Studio 10.0\VC\Include\Manifest\dpiaware.manifest"
         모든 출력이 최신 상태입니다.
       LinkEmbedManifest:
         모든 출력이 최신 상태입니다.
         xx03-subclassing.vcxproj -> D:\1091055\window_programming\ch08\Debug\xx03-subclassing.exe
       FinalizeBuildStatus:
         "Debug\xx03-subclassing.unsuccessfulbuild" 파일을 삭제하고 있습니다.
         "Debug\xx03-subclassing.lastbuildstate"에 연결(touching)하고 있습니다.
     1>"D:\1091055\window_programming\ch08\xx03-subclassing\xx03-subclassing.vcxproj" 프로젝트를 빌드했습니다(build 대상).

빌드했습니다.

경과 시간: 00:00:00.36
