빌드 시작: 2015-09-08 오후 4:49:02
     1>2 노드의 "D:\1091055_winP\ch01\HelloMFC\HelloMFC.vcxproj" 프로젝트(build 대상)입니다.
     1>InitializeBuildStatus:
         "AlwaysCreate"이(가) 지정되었기 때문에 "Debug\HelloMFC.unsuccessfulbuild"을(를) 만들고 있습니다.
       ClCompile:
         C:\Program Files (x86)\Microsoft Visual Studio 10.0\VC\bin\CL.exe /c /ZI /nologo /W3 /WX- /Od /Oy- /D WIN32 /D _DEBUG /D _WINDOWS /Gm /EHsc /RTC1 /MTd /GS /fp:precise /Zc:wchar_t /Zc:forScope /Fo"Debug\\" /Fd"Debug\vc100.pdb" /Gd /TP /analyze- /errorReport:prompt HelloMFC.cpp
         HelloMFC.cpp
         _WIN32_WINNT not defined. Defaulting to _WIN32_WINNT_MAXVER (see WinSDKVer.h)
       ManifestResourceCompile:
         모든 출력이 최신 상태입니다.
       Link:
         C:\Program Files (x86)\Microsoft Visual Studio 10.0\VC\bin\link.exe /ERRORREPORT:PROMPT /OUT:"D:\1091055_winP\ch01\Debug\HelloMFC.exe" /INCREMENTAL /NOLOGO /MANIFEST /ManifestFile:"Debug\HelloMFC.exe.intermediate.manifest" /MANIFESTUAC:"level='asInvoker' uiAccess='false'" /DEBUG /PDB:"D:\1091055_winP\ch01\Debug\HelloMFC.pdb" /SUBSYSTEM:WINDOWS /TLBID:1 /DYNAMICBASE /NXCOMPAT /IMPLIB:"D:\1091055_winP\ch01\Debug\HelloMFC.lib" /MACHINE:X86 Debug\HelloMFC.exe.embed.manifest.res
         Debug\HelloMFC.obj
       Manifest:
         C:\Program Files (x86)\Microsoft SDKs\Windows\v7.0A\bin\mt.exe /nologo /verbose /out:"Debug\HelloMFC.exe.embed.manifest" /manifest Debug\HelloMFC.exe.intermediate.manifest "C:\Program Files (x86)\Microsoft Visual Studio 10.0\VC\Include\Manifest\dpiaware.manifest"
         모든 출력이 최신 상태입니다.
       LinkEmbedManifest:
         모든 출력이 최신 상태입니다.
         HelloMFC.vcxproj -> D:\1091055_winP\ch01\Debug\HelloMFC.exe
       FinalizeBuildStatus:
         "Debug\HelloMFC.unsuccessfulbuild" 파일을 삭제하고 있습니다.
         "Debug\HelloMFC.lastbuildstate"에 연결(touching)하고 있습니다.
     1>"D:\1091055_winP\ch01\HelloMFC\HelloMFC.vcxproj" 프로젝트를 빌드했습니다(build 대상).

빌드했습니다.

경과 시간: 00:00:01.69
