빌드 시작: 2015-12-08 오후 12:32:42
     1>2 노드의 "C:\Users\multimedia\Documents\GitHub\2015_second_semester\2. window_programming\ch10\p01-mdi\p01-mdi.vcxproj" 프로젝트(build 대상)입니다.
     1>InitializeBuildStatus:
         "AlwaysCreate"이(가) 지정되었기 때문에 "Debug\p01-mdi.unsuccessfulbuild"을(를) 만들고 있습니다.
       ClCompile:
         C:\Program Files (x86)\Microsoft Visual Studio 10.0\VC\bin\CL.exe /c /ZI /nologo /W3 /WX- /Od /Oy- /D WIN32 /D _WINDOWS /D _DEBUG /D _MBCS /D _AFXDLL /Gm /EHsc /RTC1 /MDd /GS /fp:precise /Zc:wchar_t /Zc:forScope /Yc"StdAfx.h" /Fp"Debug\p01-mdi.pch" /Fo"Debug\\" /Fd"Debug\vc100.pdb" /Gd /TP /analyze- /errorReport:prompt stdafx.cpp
         stdafx.cpp
         C:\Program Files (x86)\Microsoft Visual Studio 10.0\VC\bin\CL.exe /c /ZI /nologo /W3 /WX- /Od /Oy- /D WIN32 /D _WINDOWS /D _DEBUG /D _MBCS /D _AFXDLL /Gm /EHsc /RTC1 /MDd /GS /fp:precise /Zc:wchar_t /Zc:forScope /Yu"StdAfx.h" /Fp"Debug\p01-mdi.pch" /Fo"Debug\\" /Fd"Debug\vc100.pdb" /Gd /TP /analyze- /errorReport:prompt ChildFrm.cpp MainFrm.cpp "p01-mdi.cpp" "p01-mdiDoc.cpp" "p01-mdiView.cpp"
         p01-mdiView.cpp
         p01-mdiDoc.cpp
         p01-mdi.cpp
         MainFrm.cpp
         ChildFrm.cpp
         코드를 생성하고 있습니다...
       ResourceCompile:
         c:\Program Files (x86)\Microsoft SDKs\Windows\v7.0A\bin\rc.exe /D _DEBUG /D _AFXDLL /l"0x0412" /IDebug\ /nologo /fo"Debug\p01-mdi.res" p01-mdi.rc 
       ManifestResourceCompile:
         c:\Program Files (x86)\Microsoft SDKs\Windows\v7.0A\bin\rc.exe /nologo /fo"Debug\p01-mdi.exe.embed.manifest.res" Debug\p01-mdi_manifest.rc 
       Link:
         C:\Program Files (x86)\Microsoft Visual Studio 10.0\VC\bin\link.exe /ERRORREPORT:PROMPT /OUT:"C:\Users\multimedia\Documents\GitHub\2015_second_semester\2. window_programming\ch10\Debug\p01-mdi.exe" /INCREMENTAL /NOLOGO /MANIFEST /ManifestFile:"Debug\p01-mdi.exe.intermediate.manifest" /MANIFESTUAC:"level='asInvoker' uiAccess='false'" /DEBUG /PDB:"C:\Users\multimedia\Documents\GitHub\2015_second_semester\2. window_programming\ch10\Debug\p01-mdi.pdb" /SUBSYSTEM:WINDOWS /TLBID:1 /DYNAMICBASE /NXCOMPAT /IMPLIB:"C:\Users\multimedia\Documents\GitHub\2015_second_semester\2. window_programming\ch10\Debug\p01-mdi.lib" /MACHINE:X86 "Debug\p01-mdi.res"
         "Debug\p01-mdi.exe.embed.manifest.res"
         Debug\ChildFrm.obj
         Debug\MainFrm.obj
         "Debug\p01-mdi.obj"
         "Debug\p01-mdiDoc.obj"
         "Debug\p01-mdiView.obj"
         Debug\stdafx.obj
         LINK : C:\Users\multimedia\Documents\GitHub\2015_second_semester\2. window_programming\ch10\Debug\p01-mdi.exe을(를) 찾을 수 없거나 마지막 증분 링크에 의해 빌드되지 않았습니다. 전체 링크를 수행하고 있습니다.
       Manifest:
         c:\Program Files (x86)\Microsoft SDKs\Windows\v7.0A\bin\mt.exe /nologo /verbose /out:"Debug\p01-mdi.exe.embed.manifest" /manifest "Debug\p01-mdi.exe.intermediate.manifest" "C:\Program Files (x86)\Microsoft Visual Studio 10.0\VC\Include\Manifest\dpiaware.manifest"
         모든 출력이 최신 상태입니다.
       LinkEmbedManifest:
         모든 출력이 최신 상태입니다.
         p01-mdi.vcxproj -> C:\Users\multimedia\Documents\GitHub\2015_second_semester\2. window_programming\ch10\Debug\p01-mdi.exe
       FinalizeBuildStatus:
         "Debug\p01-mdi.unsuccessfulbuild" 파일을 삭제하고 있습니다.
         "Debug\p01-mdi.lastbuildstate"에 연결(touching)하고 있습니다.
     1>"C:\Users\multimedia\Documents\GitHub\2015_second_semester\2. window_programming\ch10\p01-mdi\p01-mdi.vcxproj" 프로젝트를 빌드했습니다(build 대상).

빌드했습니다.

경과 시간: 00:00:04.98
