빌드 시작: 2015-11-03 오후 4:22:27
     1>2 노드의 "D:\1091055\window_programming\ch06\p03-Selectcolor\p03-Selectcolor.vcxproj" 프로젝트(build 대상)입니다.
     1>InitializeBuildStatus:
         "AlwaysCreate"이(가) 지정되었기 때문에 "Debug\p03-Selectcolor.unsuccessfulbuild"을(를) 만들고 있습니다.
       ClCompile:
         모든 출력이 최신 상태입니다.
         모든 출력이 최신 상태입니다.
       ResourceCompile:
         C:\Program Files (x86)\Microsoft SDKs\Windows\v7.0A\bin\rc.exe /D _DEBUG /D _AFXDLL /l"0x0412" /IDebug\ /nologo /fo"Debug\p03-Selectcolor.res" p03-Selectcolor.rc 
       ManifestResourceCompile:
         모든 출력이 최신 상태입니다.
       Link:
         C:\Program Files (x86)\Microsoft Visual Studio 10.0\VC\bin\link.exe /ERRORREPORT:PROMPT /OUT:"D:\1091055\window_programming\ch06\Debug\p03-Selectcolor.exe" /INCREMENTAL /NOLOGO /MANIFEST /ManifestFile:"Debug\p03-Selectcolor.exe.intermediate.manifest" /MANIFESTUAC:"level='asInvoker' uiAccess='false'" /DEBUG /PDB:"D:\1091055\window_programming\ch06\Debug\p03-Selectcolor.pdb" /SUBSYSTEM:WINDOWS /TLBID:1 /DYNAMICBASE /NXCOMPAT /IMPLIB:"D:\1091055\window_programming\ch06\Debug\p03-Selectcolor.lib" /MACHINE:X86 "Debug\p03-Selectcolor.res"
         "Debug\p03-Selectcolor.exe.embed.manifest.res"
         Debug\ChildView.obj
         Debug\MainFrm.obj
         "Debug\p03-Selectcolor.obj"
         Debug\stdafx.obj
       Manifest:
         C:\Program Files (x86)\Microsoft SDKs\Windows\v7.0A\bin\mt.exe /nologo /verbose /out:"Debug\p03-Selectcolor.exe.embed.manifest" /manifest "Debug\p03-Selectcolor.exe.intermediate.manifest" "C:\Program Files (x86)\Microsoft Visual Studio 10.0\VC\Include\Manifest\dpiaware.manifest"
         모든 출력이 최신 상태입니다.
       LinkEmbedManifest:
         모든 출력이 최신 상태입니다.
         p03-Selectcolor.vcxproj -> D:\1091055\window_programming\ch06\Debug\p03-Selectcolor.exe
       FinalizeBuildStatus:
         "Debug\p03-Selectcolor.unsuccessfulbuild" 파일을 삭제하고 있습니다.
         "Debug\p03-Selectcolor.lastbuildstate"에 연결(touching)하고 있습니다.
     1>"D:\1091055\window_programming\ch06\p03-Selectcolor\p03-Selectcolor.vcxproj" 프로젝트를 빌드했습니다(build 대상).

빌드했습니다.

경과 시간: 00:00:00.28
