D:\1091055\WINDOW_PROGRAMMING\CH06\DEBUG\P03-SELECTCOLOR.EXE
D:\1091055\WINDOW_PROGRAMMING\CH06\DEBUG\P03-SELECTCOLOR.ILK
D:\1091055\WINDOW_PROGRAMMING\CH06\DEBUG\P03-SELECTCOLOR.PDB
D:\1091055\WINDOW_PROGRAMMING\CH06\P03-SELECTCOLOR\DEBUG\CHILDVIEW.OBJ
D:\1091055\window_programming\ch06\p03-Selectcolor\Debug\cl.command.1.tlog
D:\1091055\window_programming\ch06\p03-Selectcolor\Debug\CL.read.1.tlog
D:\1091055\window_programming\ch06\p03-Selectcolor\Debug\CL.write.1.tlog
D:\1091055\window_programming\ch06\p03-Selectcolor\Debug\link.command.1.tlog
D:\1091055\window_programming\ch06\p03-Selectcolor\Debug\link.read.1.tlog
D:\1091055\window_programming\ch06\p03-Selectcolor\Debug\link.write.1.tlog
D:\1091055\window_programming\ch06\p03-Selectcolor\Debug\link-cvtres.read.1.tlog
D:\1091055\window_programming\ch06\p03-Selectcolor\Debug\link-cvtres.write.1.tlog
D:\1091055\WINDOW_PROGRAMMING\CH06\P03-SELECTCOLOR\DEBUG\MAINFRM.OBJ
D:\1091055\window_programming\ch06\p03-Selectcolor\Debug\mt.command.1.tlog
D:\1091055\window_programming\ch06\p03-Selectcolor\Debug\mt.read.1.tlog
D:\1091055\window_programming\ch06\p03-Selectcolor\Debug\mt.write.1.tlog
D:\1091055\WINDOW_PROGRAMMING\CH06\P03-SELECTCOLOR\DEBUG\P03-SELECTCOLOR.EXE.EMBED.MANIFEST
D:\1091055\WINDOW_PROGRAMMING\CH06\P03-SELECTCOLOR\DEBUG\P03-SELECTCOLOR.EXE.EMBED.MANIFEST.RES
D:\1091055\WINDOW_PROGRAMMING\CH06\P03-SELECTCOLOR\DEBUG\P03-SELECTCOLOR.EXE.INTERMEDIATE.MANIFEST
D:\1091055\WINDOW_PROGRAMMING\CH06\P03-SELECTCOLOR\DEBUG\P03-SELECTCOLOR.OBJ
D:\1091055\WINDOW_PROGRAMMING\CH06\P03-SELECTCOLOR\DEBUG\P03-SELECTCOLOR.PCH
D:\1091055\WINDOW_PROGRAMMING\CH06\P03-SELECTCOLOR\DEBUG\P03-SELECTCOLOR.RES
D:\1091055\window_programming\ch06\p03-Selectcolor\Debug\p03-Selectcolor_manifest.rc
D:\1091055\window_programming\ch06\p03-Selectcolor\Debug\rc.command.1.tlog
D:\1091055\window_programming\ch06\p03-Selectcolor\Debug\rc.read.1.tlog
D:\1091055\window_programming\ch06\p03-Selectcolor\Debug\rc.write.1.tlog
D:\1091055\WINDOW_PROGRAMMING\CH06\P03-SELECTCOLOR\DEBUG\STDAFX.OBJ
D:\1091055\window_programming\ch06\p03-Selectcolor\Debug\vc100.idb
D:\1091055\WINDOW_PROGRAMMING\CH06\P03-SELECTCOLOR\DEBUG\VC100.PDB
