D:\B-MYPROGRAMS\JMLEEGAME\DEBUG\THEGAME.EXE
D:\B-MYPROGRAMS\JMLEEGAME\DEBUG\THEGAME.ILK
D:\B-MYPROGRAMS\JMLEEGAME\DEBUG\THEGAME.PDB
D:\B-MYPROGRAMS\JMLEEGAME\THEGAME\DEBUG\ASSETS.OBJ
D:\B-MYPROGRAMS\JMLEEGAME\THEGAME\DEBUG\AUDIO.OBJ
D:\B-MYPROGRAMS\JMLEEGAME\THEGAME\DEBUG\CHILDVIEW.OBJ
D:\b-myprograms\JmleeGame\TheGame\Debug\cl.command.1.tlog
D:\b-myprograms\JmleeGame\TheGame\Debug\CL.read.1.tlog
D:\b-myprograms\JmleeGame\TheGame\Debug\CL.write.1.tlog
D:\B-MYPROGRAMS\JMLEEGAME\THEGAME\DEBUG\GAME.OBJ
D:\B-MYPROGRAMS\JMLEEGAME\THEGAME\DEBUG\GAMESCREEN.OBJ
D:\B-MYPROGRAMS\JMLEEGAME\THEGAME\DEBUG\GRAPHICS.OBJ
D:\B-MYPROGRAMS\JMLEEGAME\THEGAME\DEBUG\HELPSCREEN.OBJ
D:\B-MYPROGRAMS\JMLEEGAME\THEGAME\DEBUG\HELPSCREEN2.OBJ
D:\B-MYPROGRAMS\JMLEEGAME\THEGAME\DEBUG\HELPSCREEN3.OBJ
D:\B-MYPROGRAMS\JMLEEGAME\THEGAME\DEBUG\HIGHSCORESCREEN.OBJ
D:\B-MYPROGRAMS\JMLEEGAME\THEGAME\DEBUG\INPUT.OBJ
D:\B-MYPROGRAMS\JMLEEGAME\THEGAME\DEBUG\KEYBOARDHANDLER.OBJ
D:\B-MYPROGRAMS\JMLEEGAME\THEGAME\DEBUG\KEYEVENT.OBJ
D:\b-myprograms\JmleeGame\TheGame\Debug\link.4512.read.1.tlog
D:\b-myprograms\JmleeGame\TheGame\Debug\link.4512.write.1.tlog
D:\b-myprograms\JmleeGame\TheGame\Debug\link.4512-cvtres.read.1.tlog
D:\b-myprograms\JmleeGame\TheGame\Debug\link.4512-cvtres.write.1.tlog
D:\b-myprograms\JmleeGame\TheGame\Debug\link.command.1.tlog
D:\b-myprograms\JmleeGame\TheGame\Debug\link.read.1.tlog
D:\b-myprograms\JmleeGame\TheGame\Debug\link.write.1.tlog
D:\b-myprograms\JmleeGame\TheGame\Debug\link-cvtres.read.1.tlog
D:\b-myprograms\JmleeGame\TheGame\Debug\link-cvtres.write.1.tlog
D:\B-MYPROGRAMS\JMLEEGAME\THEGAME\DEBUG\LOADINGSCREEN.OBJ
D:\B-MYPROGRAMS\JMLEEGAME\THEGAME\DEBUG\MAINFRM.OBJ
D:\B-MYPROGRAMS\JMLEEGAME\THEGAME\DEBUG\MAINMENUSCREEN.OBJ
D:\B-MYPROGRAMS\JMLEEGAME\THEGAME\DEBUG\MFCAUDIO.OBJ
D:\B-MYPROGRAMS\JMLEEGAME\THEGAME\DEBUG\MFCGAME.OBJ
D:\B-MYPROGRAMS\JMLEEGAME\THEGAME\DEBUG\MFCGRAPHICS.OBJ
D:\B-MYPROGRAMS\JMLEEGAME\THEGAME\DEBUG\MFCINPUT.OBJ
D:\B-MYPROGRAMS\JMLEEGAME\THEGAME\DEBUG\MFCMUSIC.OBJ
D:\B-MYPROGRAMS\JMLEEGAME\THEGAME\DEBUG\MFCPIXMAP.OBJ
D:\B-MYPROGRAMS\JMLEEGAME\THEGAME\DEBUG\MFCSOUND.OBJ
D:\B-MYPROGRAMS\JMLEEGAME\THEGAME\DEBUG\MOUSEEVENT.OBJ
D:\B-MYPROGRAMS\JMLEEGAME\THEGAME\DEBUG\MOUSEHANDLER.OBJ
D:\B-MYPROGRAMS\JMLEEGAME\THEGAME\DEBUG\MRNOMGAME.OBJ
D:\b-myprograms\JmleeGame\TheGame\Debug\mt.command.1.tlog
D:\b-myprograms\JmleeGame\TheGame\Debug\mt.read.1.tlog
D:\b-myprograms\JmleeGame\TheGame\Debug\mt.write.1.tlog
D:\B-MYPROGRAMS\JMLEEGAME\THEGAME\DEBUG\MUSIC.OBJ
D:\B-MYPROGRAMS\JMLEEGAME\THEGAME\DEBUG\PIXMAP.OBJ
D:\b-myprograms\JmleeGame\TheGame\Debug\rc.command.1.tlog
D:\b-myprograms\JmleeGame\TheGame\Debug\rc.read.1.tlog
D:\b-myprograms\JmleeGame\TheGame\Debug\rc.write.1.tlog
D:\B-MYPROGRAMS\JMLEEGAME\THEGAME\DEBUG\SCREEN.OBJ
D:\B-MYPROGRAMS\JMLEEGAME\THEGAME\DEBUG\SETTINGS.OBJ
D:\B-MYPROGRAMS\JMLEEGAME\THEGAME\DEBUG\SNAKE.OBJ
D:\B-MYPROGRAMS\JMLEEGAME\THEGAME\DEBUG\SNAKEPART.OBJ
D:\B-MYPROGRAMS\JMLEEGAME\THEGAME\DEBUG\SOUND.OBJ
D:\B-MYPROGRAMS\JMLEEGAME\THEGAME\DEBUG\STAIN.OBJ
D:\B-MYPROGRAMS\JMLEEGAME\THEGAME\DEBUG\STDAFX.OBJ
D:\B-MYPROGRAMS\JMLEEGAME\THEGAME\DEBUG\THEGAME.EXE.EMBED.MANIFEST
D:\B-MYPROGRAMS\JMLEEGAME\THEGAME\DEBUG\THEGAME.EXE.EMBED.MANIFEST.RES
D:\B-MYPROGRAMS\JMLEEGAME\THEGAME\DEBUG\THEGAME.EXE.INTERMEDIATE.MANIFEST
D:\B-MYPROGRAMS\JMLEEGAME\THEGAME\DEBUG\THEGAME.OBJ
D:\B-MYPROGRAMS\JMLEEGAME\THEGAME\DEBUG\THEGAME.PCH
D:\B-MYPROGRAMS\JMLEEGAME\THEGAME\DEBUG\THEGAME.RES
D:\b-myprograms\JmleeGame\TheGame\Debug\TheGame.vcxprojResolveAssemblyReference.cache
D:\b-myprograms\JmleeGame\TheGame\Debug\TheGame.write.1.tlog
D:\b-myprograms\JmleeGame\TheGame\Debug\TheGame_manifest.rc
D:\b-myprograms\JmleeGame\TheGame\Debug\vc100.idb
D:\B-MYPROGRAMS\JMLEEGAME\THEGAME\DEBUG\VC100.PDB
D:\B-MYPROGRAMS\JMLEEGAME\THEGAME\DEBUG\WORLD.OBJ
