빌드 시작: 2015-11-26 오후 4:46:40
     1>2 노드의 "C:\Users\multimedia\Desktop\game\TheGame\TheGame.vcxproj" 프로젝트(build 대상)입니다.
     1>InitializeBuildStatus:
         "AlwaysCreate"이(가) 지정되었기 때문에 "Debug\TheGame.unsuccessfulbuild"을(를) 만들고 있습니다.
       ClCompile:
         모든 출력이 최신 상태입니다.
         C:\Program Files (x86)\Microsoft Visual Studio 10.0\VC\bin\CL.exe /c /I.\ /I.\FrameWorkMFC /I.\Framework /I.\MrNomGame /ZI /nologo /W3 /WX- /Od /Oy- /D WIN32 /D _WINDOWS /D _DEBUG /D _MBCS /D _AFXDLL /Gm /EHsc /RTC1 /MDd /GS /fp:precise /Zc:wchar_t /Zc:forScope /Yu"StdAfx.h" /Fp"Debug\TheGame.pch" /Fo"Debug\\" /Fd"Debug\vc100.pdb" /Gd /TP /analyze- /errorReport:prompt MrNomGame\MainMenuScreen.cpp
         MainMenuScreen.cpp
       ResourceCompile:
         모든 출력이 최신 상태입니다.
       ManifestResourceCompile:
         모든 출력이 최신 상태입니다.
       Link:
         C:\Program Files (x86)\Microsoft Visual Studio 10.0\VC\bin\link.exe /ERRORREPORT:PROMPT /OUT:"C:\Users\multimedia\Desktop\game\Debug\TheGame.exe" /INCREMENTAL /NOLOGO /MANIFEST /ManifestFile:"Debug\TheGame.exe.intermediate.manifest" /MANIFESTUAC:"level='asInvoker' uiAccess='false'" /DEBUG /PDB:"C:\Users\multimedia\Desktop\game\Debug\TheGame.pdb" /SUBSYSTEM:WINDOWS /TLBID:1 /DYNAMICBASE /NXCOMPAT /IMPLIB:"C:\Users\multimedia\Desktop\game\Debug\TheGame.lib" /MACHINE:X86 Debug\TheGame.res
         Debug\TheGame.exe.embed.manifest.res
         Debug\Audio.obj
         Debug\ChildView.obj
         Debug\MfcGame.obj
         Debug\MfcGraphics.obj
         Debug\MfcInput.obj
         Debug\MfcPixmap.obj
         Debug\Game.obj
         Debug\Graphics.obj
         Debug\Input.obj
         Debug\KeyboardHandler.obj
         Debug\KeyEvent.obj
         Debug\MouseEvent.obj
         Debug\MouseHandler.obj
         Debug\Pixmap.obj
         Debug\Screen.obj
         Debug\Settings.obj
         Debug\GameScreen.obj
         Debug\HelpScreen.obj
         Debug\HelpScreen2.obj
         Debug\HelpScreen3.obj
         Debug\HighScoreScreen.obj
         Debug\MainFrm.obj
         Debug\MfcAudio.obj
         Debug\MfcMusic.obj
         Debug\MfcSound.obj
         Debug\Assets.obj
         Debug\LoadingScreen.obj
         Debug\MainMenuScreen.obj
         Debug\MrNomGame.obj
         Debug\Music.obj
         Debug\Snake.obj
         Debug\SnakePart.obj
         Debug\Sound.obj
         Debug\Stain.obj
         Debug\stdafx.obj
         Debug\TheGame.obj
         Debug\World.obj
       Manifest:
         c:\Program Files (x86)\Microsoft SDKs\Windows\v7.0A\bin\mt.exe /nologo /verbose /out:"Debug\TheGame.exe.embed.manifest" /manifest Debug\TheGame.exe.intermediate.manifest "C:\Program Files (x86)\Microsoft Visual Studio 10.0\VC\Include\Manifest\dpiaware.manifest"
         모든 출력이 최신 상태입니다.
       LinkEmbedManifest:
         모든 출력이 최신 상태입니다.
         TheGame.vcxproj -> C:\Users\multimedia\Desktop\game\Debug\TheGame.exe
       FinalizeBuildStatus:
         "Debug\TheGame.unsuccessfulbuild" 파일을 삭제하고 있습니다.
         "Debug\TheGame.lastbuildstate"에 연결(touching)하고 있습니다.
     1>"C:\Users\multimedia\Desktop\game\TheGame\TheGame.vcxproj" 프로젝트를 빌드했습니다(build 대상).

빌드했습니다.

경과 시간: 00:00:00.91
