D:\3-WINDOWSPROGRAMMING\2015\CH01EXPAND\CPROGRAM4WITHIRTUAL\DEBUG\CPROGRAM4WITHIRTUAL.EXE.EMBED.MANIFEST
D:\3-WINDOWSPROGRAMMING\2015\CH01EXPAND\CPROGRAM4WITHIRTUAL\DEBUG\CPROGRAM4WITHIRTUAL.EXE.EMBED.MANIFEST.RES
D:\3-WINDOWSPROGRAMMING\2015\CH01EXPAND\CPROGRAM4WITHIRTUAL\DEBUG\CPROGRAM4WITHIRTUAL.EXE.INTERMEDIATE.MANIFEST
D:\3-WINDOWSPROGRAMMING\2015\CH01EXPAND\CPROGRAM4WITHIRTUAL\DEBUG\VC100.PDB
D:\3-WINDOWSPROGRAMMING\2015\CH01EXPAND\CPROGRAM4WITHIRTUAL\DEBUG\YOUROUTPUT.OBJ
D:\3-WINDOWSPROGRAMMING\2015\CH01EXPAND\DEBUG\CPROGRAM4WITHIRTUAL.EXE
D:\3-WINDOWSPROGRAMMING\2015\CH01EXPAND\DEBUG\CPROGRAM4WITHIRTUAL.ILK
D:\3-WINDOWSPROGRAMMING\2015\CH01EXPAND\DEBUG\CPROGRAM4WITHIRTUAL.PDB
D:\3-WindowsProgramming\2015\ch01expandstudent\cprogram4withirtual\Debug\cl.command.1.tlog
D:\3-WindowsProgramming\2015\ch01expandstudent\cprogram4withirtual\Debug\CL.read.1.tlog
D:\3-WindowsProgramming\2015\ch01expandstudent\cprogram4withirtual\Debug\CL.write.1.tlog
D:\3-WindowsProgramming\2015\ch01expandstudent\cprogram4withirtual\Debug\cprogram4withirtual.exe.embed.manifest
D:\3-WindowsProgramming\2015\ch01expandstudent\cprogram4withirtual\Debug\cprogram4withirtual.exe.embed.manifest.res
D:\3-WindowsProgramming\2015\ch01expandstudent\cprogram4withirtual\Debug\cprogram4withirtual.exe.intermediate.manifest
D:\3-WindowsProgramming\2015\ch01expandstudent\cprogram4withirtual\Debug\cprogram4withirtual.write.1.tlog
D:\3-WindowsProgramming\2015\ch01expandstudent\cprogram4withirtual\Debug\cprogram4withirtual_manifest.rc
D:\3-WindowsProgramming\2015\ch01expandstudent\cprogram4withirtual\Debug\link.4144.read.1.tlog
D:\3-WindowsProgramming\2015\ch01expandstudent\cprogram4withirtual\Debug\link.4144.write.1.tlog
D:\3-WindowsProgramming\2015\ch01expandstudent\cprogram4withirtual\Debug\link.4144-cvtres.read.1.tlog
D:\3-WindowsProgramming\2015\ch01expandstudent\cprogram4withirtual\Debug\link.4144-cvtres.write.1.tlog
D:\3-WindowsProgramming\2015\ch01expandstudent\cprogram4withirtual\Debug\link.command.1.tlog
D:\3-WindowsProgramming\2015\ch01expandstudent\cprogram4withirtual\Debug\link.read.1.tlog
D:\3-WindowsProgramming\2015\ch01expandstudent\cprogram4withirtual\Debug\link.read.2.tlog
D:\3-WindowsProgramming\2015\ch01expandstudent\cprogram4withirtual\Debug\link.write.1.tlog
D:\3-WindowsProgramming\2015\ch01expandstudent\cprogram4withirtual\Debug\link-cvtres.read.1.tlog
D:\3-WindowsProgramming\2015\ch01expandstudent\cprogram4withirtual\Debug\link-cvtres.write.1.tlog
D:\3-WindowsProgramming\2015\ch01expandstudent\cprogram4withirtual\Debug\mt.command.1.tlog
D:\3-WindowsProgramming\2015\ch01expandstudent\cprogram4withirtual\Debug\mt.read.1.tlog
D:\3-WindowsProgramming\2015\ch01expandstudent\cprogram4withirtual\Debug\mt.write.1.tlog
D:\3-WindowsProgramming\2015\ch01expandstudent\cprogram4withirtual\Debug\rc.command.1.tlog
D:\3-WindowsProgramming\2015\ch01expandstudent\cprogram4withirtual\Debug\rc.read.1.tlog
D:\3-WindowsProgramming\2015\ch01expandstudent\cprogram4withirtual\Debug\rc.write.1.tlog
D:\3-WindowsProgramming\2015\ch01expandstudent\cprogram4withirtual\Debug\vc100.idb
D:\3-WindowsProgramming\2015\ch01expandstudent\cprogram4withirtual\Debug\vc100.pdb
D:\3-WindowsProgramming\2015\ch01expandstudent\cprogram4withirtual\Debug\youroutput.obj
D:\3-WindowsProgramming\2015\ch01expandstudent\Debug\cprogram4withirtual.exe
D:\3-WindowsProgramming\2015\ch01expandstudent\Debug\cprogram4withirtual.ilk
D:\3-WindowsProgramming\2015\ch01expandstudent\Debug\cprogram4withirtual.pdb
