빌드 시작: 2015-11-24 오후 4:12:55
     1>2 노드의 "D:\1091055\window_programming\ch10\tmp\tmp.vcxproj" 프로젝트(build 대상)입니다.
     1>InitializeBuildStatus:
         "AlwaysCreate"이(가) 지정되었기 때문에 "Debug\tmp.unsuccessfulbuild"을(를) 만들고 있습니다.
       ClCompile:
         C:\Program Files (x86)\Microsoft Visual Studio 10.0\VC\bin\CL.exe /c /ZI /nologo /W3 /WX- /Od /Oy- /D WIN32 /D _WINDOWS /D _DEBUG /D _MBCS /D _AFXDLL /Gm /EHsc /RTC1 /MDd /GS /fp:precise /Zc:wchar_t /Zc:forScope /Yc"StdAfx.h" /Fp"Debug\tmp.pch" /Fo"Debug\\" /Fd"Debug\vc100.pdb" /Gd /TP /analyze- /errorReport:prompt stdafx.cpp
         stdafx.cpp
         C:\Program Files (x86)\Microsoft Visual Studio 10.0\VC\bin\CL.exe /c /ZI /nologo /W3 /WX- /Od /Oy- /D WIN32 /D _WINDOWS /D _DEBUG /D _MBCS /D _AFXDLL /Gm /EHsc /RTC1 /MDd /GS /fp:precise /Zc:wchar_t /Zc:forScope /Yu"StdAfx.h" /Fp"Debug\tmp.pch" /Fo"Debug\\" /Fd"Debug\vc100.pdb" /Gd /TP /analyze- /errorReport:prompt MainFrm.cpp tmp.cpp tmpDoc.cpp tmpView.cpp
         tmpView.cpp
         tmpDoc.cpp
         tmp.cpp
         MainFrm.cpp
         코드를 생성하고 있습니다...
       ResourceCompile:
         C:\Program Files (x86)\Microsoft SDKs\Windows\v7.0A\bin\rc.exe /D _DEBUG /D _AFXDLL /l"0x0412" /IDebug\ /nologo /fo"Debug\tmp.res" tmp.rc 
       ManifestResourceCompile:
         C:\Program Files (x86)\Microsoft SDKs\Windows\v7.0A\bin\rc.exe /nologo /fo"Debug\tmp.exe.embed.manifest.res" Debug\tmp_manifest.rc 
       Link:
         C:\Program Files (x86)\Microsoft Visual Studio 10.0\VC\bin\link.exe /ERRORREPORT:PROMPT /OUT:"D:\1091055\window_programming\ch10\Debug\tmp.exe" /INCREMENTAL /NOLOGO /MANIFEST /ManifestFile:"Debug\tmp.exe.intermediate.manifest" /MANIFESTUAC:"level='asInvoker' uiAccess='false'" /DEBUG /PDB:"D:\1091055\window_programming\ch10\Debug\tmp.pdb" /SUBSYSTEM:WINDOWS /TLBID:1 /DYNAMICBASE /NXCOMPAT /IMPLIB:"D:\1091055\window_programming\ch10\Debug\tmp.lib" /MACHINE:X86 Debug\tmp.res
         Debug\tmp.exe.embed.manifest.res
         Debug\MainFrm.obj
         Debug\stdafx.obj
         Debug\tmp.obj
         Debug\tmpDoc.obj
         Debug\tmpView.obj
       Manifest:
         C:\Program Files (x86)\Microsoft SDKs\Windows\v7.0A\bin\mt.exe /nologo /verbose /out:"Debug\tmp.exe.embed.manifest" /manifest Debug\tmp.exe.intermediate.manifest "C:\Program Files (x86)\Microsoft Visual Studio 10.0\VC\Include\Manifest\dpiaware.manifest"
         C:\Program Files (x86)\Microsoft SDKs\Windows\v7.0A\bin\rc.exe /nologo /fo"Debug\tmp.exe.embed.manifest.res" Debug\tmp_manifest.rc 
       LinkEmbedManifest:
         C:\Program Files (x86)\Microsoft Visual Studio 10.0\VC\bin\link.exe /ERRORREPORT:PROMPT /OUT:"D:\1091055\window_programming\ch10\Debug\tmp.exe" /INCREMENTAL /NOLOGO /MANIFEST /ManifestFile:"Debug\tmp.exe.intermediate.manifest" /MANIFESTUAC:"level='asInvoker' uiAccess='false'" /DEBUG /PDB:"D:\1091055\window_programming\ch10\Debug\tmp.pdb" /SUBSYSTEM:WINDOWS /TLBID:1 /DYNAMICBASE /NXCOMPAT /IMPLIB:"D:\1091055\window_programming\ch10\Debug\tmp.lib" /MACHINE:X86 Debug\tmp.res
         Debug\tmp.exe.embed.manifest.res
         Debug\MainFrm.obj
         Debug\stdafx.obj
         Debug\tmp.obj
         Debug\tmpDoc.obj
         Debug\tmpView.obj
         tmp.vcxproj -> D:\1091055\window_programming\ch10\Debug\tmp.exe
       FinalizeBuildStatus:
         "Debug\tmp.unsuccessfulbuild" 파일을 삭제하고 있습니다.
         "Debug\tmp.lastbuildstate"에 연결(touching)하고 있습니다.
     1>"D:\1091055\window_programming\ch10\tmp\tmp.vcxproj" 프로젝트를 빌드했습니다(build 대상).

빌드했습니다.

경과 시간: 00:00:04.54
