빌드 시작: 2015-09-08 오후 3:35:47
     1>2 노드의 "D:\1091055_winP\ch01\HelloSDK\HelloSDK.vcxproj" 프로젝트(build 대상)입니다.
     1>InitializeBuildStatus:
         "Debug\HelloSDK.unsuccessfulbuild"에 연결(touching)하고 있습니다.
       ClCompile:
         모든 출력이 최신 상태입니다.
       ManifestResourceCompile:
         모든 출력이 최신 상태입니다.
       Link:
         C:\Program Files (x86)\Microsoft Visual Studio 10.0\VC\bin\link.exe /ERRORREPORT:PROMPT /OUT:"D:\1091055_winP\ch01\Debug\HelloSDK.exe" /INCREMENTAL /NOLOGO kernel32.lib user32.lib gdi32.lib winspool.lib comdlg32.lib advapi32.lib shell32.lib ole32.lib oleaut32.lib uuid.lib odbc32.lib odbccp32.lib /MANIFEST /ManifestFile:"Debug\HelloSDK.exe.intermediate.manifest" /MANIFESTUAC:"level='asInvoker' uiAccess='false'" /DEBUG /PDB:"D:\1091055_winP\ch01\Debug\HelloSDK.pdb" /SUBSYSTEM:WINDOWS /TLBID:1 /DYNAMICBASE /NXCOMPAT /IMPLIB:"D:\1091055_winP\ch01\Debug\HelloSDK.lib" /MACHINE:X86 Debug\HelloSDK.exe.embed.manifest.res
         Debug\HelloSDK.obj
       Manifest:
         C:\Program Files (x86)\Microsoft SDKs\Windows\v7.0A\bin\mt.exe /nologo /verbose /out:"Debug\HelloSDK.exe.embed.manifest" /manifest Debug\HelloSDK.exe.intermediate.manifest
         모든 출력이 최신 상태입니다.
       LinkEmbedManifest:
         모든 출력이 최신 상태입니다.
         HelloSDK.vcxproj -> D:\1091055_winP\ch01\Debug\HelloSDK.exe
       FinalizeBuildStatus:
         "Debug\HelloSDK.unsuccessfulbuild" 파일을 삭제하고 있습니다.
         "Debug\HelloSDK.lastbuildstate"에 연결(touching)하고 있습니다.
     1>"D:\1091055_winP\ch01\HelloSDK\HelloSDK.vcxproj" 프로젝트를 빌드했습니다(build 대상).

빌드했습니다.

경과 시간: 00:00:00.32
