빌드 시작: 2015-12-08 오후 11:20:56
     1>2 노드의 "C:\Users\multimedia\Documents\GitHub\2015_second_semester\2. window_programming\ch09\p02-dialog2\p02-dialog2.vcxproj" 프로젝트(build 대상)입니다.
     1>InitializeBuildStatus:
         "AlwaysCreate"이(가) 지정되었기 때문에 "Debug\p02-dialog2.unsuccessfulbuild"을(를) 만들고 있습니다.
       ClCompile:
         모든 출력이 최신 상태입니다.
         C:\Program Files (x86)\Microsoft Visual Studio 10.0\VC\bin\CL.exe /c /ZI /nologo /W3 /WX- /Od /Oy- /D WIN32 /D _WINDOWS /D _DEBUG /D _MBCS /D _AFXDLL /Gm /EHsc /RTC1 /MDd /GS /fp:precise /Zc:wchar_t /Zc:forScope /Yu"StdAfx.h" /Fp"Debug\p02-dialog2.pch" /Fo"Debug\\" /Fd"Debug\vc100.pdb" /Gd /TP /analyze- /errorReport:prompt MainFrm.cpp MyDialog.cpp "p02-dialog2.cpp" "p02-dialog2Doc.cpp" "p02-dialog2View.cpp"
         p02-dialog2View.cpp
         코드를 생성하고 있습니다...
         컴파일하고 있습니다...
         p02-dialog2Doc.cpp
         p02-dialog2.cpp
         MyDialog.cpp
         MainFrm.cpp
         코드를 생성하고 있습니다...
       ResourceCompile:
         c:\Program Files (x86)\Microsoft SDKs\Windows\v7.0A\bin\rc.exe /D _DEBUG /D _AFXDLL /l"0x0412" /IDebug\ /nologo /fo"Debug\p02-dialog2.res" p02-dialog2.rc 
       ManifestResourceCompile:
         모든 출력이 최신 상태입니다.
       Link:
         C:\Program Files (x86)\Microsoft Visual Studio 10.0\VC\bin\link.exe /ERRORREPORT:PROMPT /OUT:"C:\Users\multimedia\Documents\GitHub\2015_second_semester\2. window_programming\ch09\Debug\p02-dialog2.exe" /INCREMENTAL /NOLOGO /MANIFEST /ManifestFile:"Debug\p02-dialog2.exe.intermediate.manifest" /MANIFESTUAC:"level='asInvoker' uiAccess='false'" /DEBUG /PDB:"C:\Users\multimedia\Documents\GitHub\2015_second_semester\2. window_programming\ch09\Debug\p02-dialog2.pdb" /SUBSYSTEM:WINDOWS /TLBID:1 /DYNAMICBASE /NXCOMPAT /IMPLIB:"C:\Users\multimedia\Documents\GitHub\2015_second_semester\2. window_programming\ch09\Debug\p02-dialog2.lib" /MACHINE:X86 "Debug\p02-dialog2.res"
         "Debug\p02-dialog2.exe.embed.manifest.res"
         Debug\MainFrm.obj
         Debug\MyDialog.obj
         "Debug\p02-dialog2.obj"
         "Debug\p02-dialog2Doc.obj"
         "Debug\p02-dialog2View.obj"
         Debug\stdafx.obj
       Manifest:
         c:\Program Files (x86)\Microsoft SDKs\Windows\v7.0A\bin\mt.exe /nologo /verbose /out:"Debug\p02-dialog2.exe.embed.manifest" /manifest "Debug\p02-dialog2.exe.intermediate.manifest" "C:\Program Files (x86)\Microsoft Visual Studio 10.0\VC\Include\Manifest\dpiaware.manifest"
         모든 출력이 최신 상태입니다.
       LinkEmbedManifest:
         모든 출력이 최신 상태입니다.
         p02-dialog2.vcxproj -> C:\Users\multimedia\Documents\GitHub\2015_second_semester\2. window_programming\ch09\Debug\p02-dialog2.exe
       FinalizeBuildStatus:
         "Debug\p02-dialog2.unsuccessfulbuild" 파일을 삭제하고 있습니다.
         "Debug\p02-dialog2.lastbuildstate"에 연결(touching)하고 있습니다.
     1>"C:\Users\multimedia\Documents\GitHub\2015_second_semester\2. window_programming\ch09\p02-dialog2\p02-dialog2.vcxproj" 프로젝트를 빌드했습니다(build 대상).

빌드했습니다.

경과 시간: 00:00:01.77
