C:\USERS\MULTIMEDIA\DOCUMENTS\VISUAL STUDIO 2010\PROJECTS\SERVER\DEBUG\SERVER.EXE
C:\USERS\MULTIMEDIA\DOCUMENTS\VISUAL STUDIO 2010\PROJECTS\SERVER\DEBUG\SERVER.ILK
C:\USERS\MULTIMEDIA\DOCUMENTS\VISUAL STUDIO 2010\PROJECTS\SERVER\DEBUG\SERVER.PDB
C:\Users\multimedia\Documents\Visual Studio 2010\Projects\Server\Server\Debug\cl.command.1.tlog
C:\Users\multimedia\Documents\Visual Studio 2010\Projects\Server\Server\Debug\CL.read.1.tlog
C:\Users\multimedia\Documents\Visual Studio 2010\Projects\Server\Server\Debug\CL.write.1.tlog
C:\Users\multimedia\Documents\Visual Studio 2010\Projects\Server\Server\Debug\link.3472.read.1.tlog
C:\Users\multimedia\Documents\Visual Studio 2010\Projects\Server\Server\Debug\link.3472.write.1.tlog
C:\Users\multimedia\Documents\Visual Studio 2010\Projects\Server\Server\Debug\link.3472-cvtres.read.1.tlog
C:\Users\multimedia\Documents\Visual Studio 2010\Projects\Server\Server\Debug\link.3472-cvtres.write.1.tlog
C:\Users\multimedia\Documents\Visual Studio 2010\Projects\Server\Server\Debug\link.command.1.tlog
C:\Users\multimedia\Documents\Visual Studio 2010\Projects\Server\Server\Debug\link.read.1.tlog
C:\Users\multimedia\Documents\Visual Studio 2010\Projects\Server\Server\Debug\link.write.1.tlog
C:\Users\multimedia\Documents\Visual Studio 2010\Projects\Server\Server\Debug\link-cvtres.read.1.tlog
C:\Users\multimedia\Documents\Visual Studio 2010\Projects\Server\Server\Debug\link-cvtres.write.1.tlog
C:\Users\multimedia\Documents\Visual Studio 2010\Projects\Server\Server\Debug\mt.command.1.tlog
C:\Users\multimedia\Documents\Visual Studio 2010\Projects\Server\Server\Debug\mt.read.1.tlog
C:\Users\multimedia\Documents\Visual Studio 2010\Projects\Server\Server\Debug\mt.write.1.tlog
C:\Users\multimedia\Documents\Visual Studio 2010\Projects\Server\Server\Debug\rc.command.1.tlog
C:\Users\multimedia\Documents\Visual Studio 2010\Projects\Server\Server\Debug\rc.read.1.tlog
C:\Users\multimedia\Documents\Visual Studio 2010\Projects\Server\Server\Debug\rc.write.1.tlog
C:\USERS\MULTIMEDIA\DOCUMENTS\VISUAL STUDIO 2010\PROJECTS\SERVER\SERVER\DEBUG\SERVER.EXE.EMBED.MANIFEST
C:\USERS\MULTIMEDIA\DOCUMENTS\VISUAL STUDIO 2010\PROJECTS\SERVER\SERVER\DEBUG\SERVER.EXE.EMBED.MANIFEST.RES
C:\USERS\MULTIMEDIA\DOCUMENTS\VISUAL STUDIO 2010\PROJECTS\SERVER\SERVER\DEBUG\SERVER.EXE.INTERMEDIATE.MANIFEST
C:\USERS\MULTIMEDIA\DOCUMENTS\VISUAL STUDIO 2010\PROJECTS\SERVER\SERVER\DEBUG\SERVER.OBJ
C:\Users\multimedia\Documents\Visual Studio 2010\Projects\Server\Server\Debug\Server.vcxprojResolveAssemblyReference.cache
C:\Users\multimedia\Documents\Visual Studio 2010\Projects\Server\Server\Debug\Server.write.1.tlog
C:\Users\multimedia\Documents\Visual Studio 2010\Projects\Server\Server\Debug\Server_manifest.rc
C:\Users\multimedia\Documents\Visual Studio 2010\Projects\Server\Server\Debug\vc100.idb
C:\USERS\MULTIMEDIA\DOCUMENTS\VISUAL STUDIO 2010\PROJECTS\SERVER\SERVER\DEBUG\VC100.PDB
