C:\USERS\MULTIMEDIA\DOCUMENTS\VISUAL STUDIO 2010\PROJECTS\SERVER\DEBUG\INITWINSOCK.EXE
C:\USERS\MULTIMEDIA\DOCUMENTS\VISUAL STUDIO 2010\PROJECTS\SERVER\DEBUG\INITWINSOCK.ILK
C:\USERS\MULTIMEDIA\DOCUMENTS\VISUAL STUDIO 2010\PROJECTS\SERVER\DEBUG\INITWINSOCK.PDB
C:\Users\multimedia\Documents\Visual Studio 2010\Projects\Server\InitWinsock\Debug\cl.command.1.tlog
C:\Users\multimedia\Documents\Visual Studio 2010\Projects\Server\InitWinsock\Debug\CL.read.1.tlog
C:\Users\multimedia\Documents\Visual Studio 2010\Projects\Server\InitWinsock\Debug\CL.write.1.tlog
C:\USERS\MULTIMEDIA\DOCUMENTS\VISUAL STUDIO 2010\PROJECTS\SERVER\INITWINSOCK\DEBUG\INITWINSOCK.EXE.EMBED.MANIFEST
C:\USERS\MULTIMEDIA\DOCUMENTS\VISUAL STUDIO 2010\PROJECTS\SERVER\INITWINSOCK\DEBUG\INITWINSOCK.EXE.EMBED.MANIFEST.RES
C:\USERS\MULTIMEDIA\DOCUMENTS\VISUAL STUDIO 2010\PROJECTS\SERVER\INITWINSOCK\DEBUG\INITWINSOCK.EXE.INTERMEDIATE.MANIFEST
C:\USERS\MULTIMEDIA\DOCUMENTS\VISUAL STUDIO 2010\PROJECTS\SERVER\INITWINSOCK\DEBUG\INITWINSOCK.OBJ
C:\Users\multimedia\Documents\Visual Studio 2010\Projects\Server\InitWinsock\Debug\InitWinsock.vcxprojResolveAssemblyReference.cache
C:\Users\multimedia\Documents\Visual Studio 2010\Projects\Server\InitWinsock\Debug\InitWinsock.write.1.tlog
C:\Users\multimedia\Documents\Visual Studio 2010\Projects\Server\InitWinsock\Debug\InitWinsock_manifest.rc
C:\Users\multimedia\Documents\Visual Studio 2010\Projects\Server\InitWinsock\Debug\link.5880.read.1.tlog
C:\Users\multimedia\Documents\Visual Studio 2010\Projects\Server\InitWinsock\Debug\link.5880.write.1.tlog
C:\Users\multimedia\Documents\Visual Studio 2010\Projects\Server\InitWinsock\Debug\link.5880-cvtres.read.1.tlog
C:\Users\multimedia\Documents\Visual Studio 2010\Projects\Server\InitWinsock\Debug\link.5880-cvtres.write.1.tlog
C:\Users\multimedia\Documents\Visual Studio 2010\Projects\Server\InitWinsock\Debug\link.command.1.tlog
C:\Users\multimedia\Documents\Visual Studio 2010\Projects\Server\InitWinsock\Debug\link.read.1.tlog
C:\Users\multimedia\Documents\Visual Studio 2010\Projects\Server\InitWinsock\Debug\link.write.1.tlog
C:\Users\multimedia\Documents\Visual Studio 2010\Projects\Server\InitWinsock\Debug\link-cvtres.read.1.tlog
C:\Users\multimedia\Documents\Visual Studio 2010\Projects\Server\InitWinsock\Debug\link-cvtres.write.1.tlog
C:\Users\multimedia\Documents\Visual Studio 2010\Projects\Server\InitWinsock\Debug\mt.command.1.tlog
C:\Users\multimedia\Documents\Visual Studio 2010\Projects\Server\InitWinsock\Debug\mt.read.1.tlog
C:\Users\multimedia\Documents\Visual Studio 2010\Projects\Server\InitWinsock\Debug\mt.write.1.tlog
C:\Users\multimedia\Documents\Visual Studio 2010\Projects\Server\InitWinsock\Debug\rc.command.1.tlog
C:\Users\multimedia\Documents\Visual Studio 2010\Projects\Server\InitWinsock\Debug\rc.read.1.tlog
C:\Users\multimedia\Documents\Visual Studio 2010\Projects\Server\InitWinsock\Debug\rc.write.1.tlog
C:\Users\multimedia\Documents\Visual Studio 2010\Projects\Server\InitWinsock\Debug\vc100.idb
C:\USERS\MULTIMEDIA\DOCUMENTS\VISUAL STUDIO 2010\PROJECTS\SERVER\INITWINSOCK\DEBUG\VC100.PDB
