빌드 시작: 2015-10-19 오후 3:55:17
     1>2 노드의 "C:\Users\multimedia\GitHub\2015_second_semester\2. window_programming\시험대비\ch04\prac14\prac14.vcxproj" 프로젝트(build 대상)입니다.
     1>InitializeBuildStatus:
         "AlwaysCreate"이(가) 지정되었기 때문에 "Debug\prac14.unsuccessfulbuild"을(를) 만들고 있습니다.
       ClCompile:
         모든 출력이 최신 상태입니다.
         C:\Program Files (x86)\Microsoft Visual Studio 10.0\VC\bin\CL.exe /c /ZI /nologo /W3 /WX- /Od /Oy- /D WIN32 /D _WINDOWS /D _DEBUG /D _MBCS /D _AFXDLL /Gm /EHsc /RTC1 /MDd /GS /fp:precise /Zc:wchar_t /Zc:forScope /Yu"StdAfx.h" /Fp"Debug\prac14.pch" /Fo"Debug\\" /Fd"Debug\vc100.pdb" /Gd /TP /analyze- /errorReport:prompt ChildView.cpp
         ChildView.cpp
       ResourceCompile:
         모든 출력이 최신 상태입니다.
       ManifestResourceCompile:
         모든 출력이 최신 상태입니다.
       Link:
         C:\Program Files (x86)\Microsoft Visual Studio 10.0\VC\bin\link.exe /ERRORREPORT:PROMPT /OUT:"C:\Users\multimedia\GitHub\2015_second_semester\2. window_programming\시험대비\ch04\Debug\prac14.exe" /INCREMENTAL /NOLOGO /MANIFEST /ManifestFile:"Debug\prac14.exe.intermediate.manifest" /MANIFESTUAC:"level='asInvoker' uiAccess='false'" /DEBUG /PDB:"C:\Users\multimedia\GitHub\2015_second_semester\2. window_programming\시험대비\ch04\Debug\prac14.pdb" /SUBSYSTEM:WINDOWS /TLBID:1 /DYNAMICBASE /NXCOMPAT /IMPLIB:"C:\Users\multimedia\GitHub\2015_second_semester\2. window_programming\시험대비\ch04\Debug\prac14.lib" /MACHINE:X86 Debug\prac14.res
         Debug\prac14.exe.embed.manifest.res
         Debug\ChildView.obj
         Debug\MainFrm.obj
         Debug\prac14.obj
         Debug\stdafx.obj
       Manifest:
         c:\Program Files (x86)\Microsoft SDKs\Windows\v7.0A\bin\mt.exe /nologo /verbose /out:"Debug\prac14.exe.embed.manifest" /manifest Debug\prac14.exe.intermediate.manifest "C:\Program Files (x86)\Microsoft Visual Studio 10.0\VC\Include\Manifest\dpiaware.manifest"
         모든 출력이 최신 상태입니다.
       LinkEmbedManifest:
         모든 출력이 최신 상태입니다.
         prac14.vcxproj -> C:\Users\multimedia\GitHub\2015_second_semester\2. window_programming\시험대비\ch04\Debug\prac14.exe
       FinalizeBuildStatus:
         "Debug\prac14.unsuccessfulbuild" 파일을 삭제하고 있습니다.
         "Debug\prac14.lastbuildstate"에 연결(touching)하고 있습니다.
     1>"C:\Users\multimedia\GitHub\2015_second_semester\2. window_programming\시험대비\ch04\prac14\prac14.vcxproj" 프로젝트를 빌드했습니다(build 대상).

빌드했습니다.

경과 시간: 00:00:00.38
