빌드 시작: 2015-12-08 오후 1:19:49
     1>2 노드의 "C:\Users\multimedia\Documents\GitHub\2015_second_semester\2. window_programming\ch08\xx02-static\xx02-static.vcxproj" 프로젝트(build 대상)입니다.
     1>InitializeBuildStatus:
         "AlwaysCreate"이(가) 지정되었기 때문에 "Debug\xx02-static.unsuccessfulbuild"을(를) 만들고 있습니다.
       ClCompile:
         C:\Program Files (x86)\Microsoft Visual Studio 10.0\VC\bin\CL.exe /c /ZI /nologo /W3 /WX- /Od /Oy- /D WIN32 /D _WINDOWS /D _DEBUG /D _MBCS /D _AFXDLL /Gm /EHsc /RTC1 /MDd /GS /fp:precise /Zc:wchar_t /Zc:forScope /Yc"StdAfx.h" /Fp"Debug\xx02-static.pch" /Fo"Debug\\" /Fd"Debug\vc100.pdb" /Gd /TP /analyze- /errorReport:prompt stdafx.cpp
         stdafx.cpp
         C:\Program Files (x86)\Microsoft Visual Studio 10.0\VC\bin\CL.exe /c /ZI /nologo /W3 /WX- /Od /Oy- /D WIN32 /D _WINDOWS /D _DEBUG /D _MBCS /D _AFXDLL /Gm /EHsc /RTC1 /MDd /GS /fp:precise /Zc:wchar_t /Zc:forScope /Yu"StdAfx.h" /Fp"Debug\xx02-static.pch" /Fo"Debug\\" /Fd"Debug\vc100.pdb" /Gd /TP /analyze- /errorReport:prompt MainFrm.cpp "xx02-static.cpp" "xx02-staticDoc.cpp" "xx02-staticView.cpp"
         xx02-staticView.cpp
     1>c:\users\multimedia\documents\github\2015_second_semester\2. window_programming\ch08\xx02-static\xx02-staticview.cpp(109): warning C4018: '<' : signed 또는 unsigned가 일치하지 않습니다.
     1>c:\users\multimedia\documents\github\2015_second_semester\2. window_programming\ch08\xx02-static\xx02-staticview.cpp(155): warning C4018: '<' : signed 또는 unsigned가 일치하지 않습니다.
         xx02-staticDoc.cpp
         xx02-static.cpp
         MainFrm.cpp
         코드를 생성하고 있습니다...
       ResourceCompile:
         c:\Program Files (x86)\Microsoft SDKs\Windows\v7.0A\bin\rc.exe /D _DEBUG /D _AFXDLL /l"0x0412" /IDebug\ /nologo /fo"Debug\xx02-static.res" xx02-static.rc 
       ManifestResourceCompile:
         c:\Program Files (x86)\Microsoft SDKs\Windows\v7.0A\bin\rc.exe /nologo /fo"Debug\xx02-static.exe.embed.manifest.res" Debug\xx02-static_manifest.rc 
       Link:
         C:\Program Files (x86)\Microsoft Visual Studio 10.0\VC\bin\link.exe /ERRORREPORT:PROMPT /OUT:"C:\Users\multimedia\Documents\GitHub\2015_second_semester\2. window_programming\ch08\Debug\xx02-static.exe" /INCREMENTAL /NOLOGO /MANIFEST /ManifestFile:"Debug\xx02-static.exe.intermediate.manifest" /MANIFESTUAC:"level='asInvoker' uiAccess='false'" /DEBUG /PDB:"C:\Users\multimedia\Documents\GitHub\2015_second_semester\2. window_programming\ch08\Debug\xx02-static.pdb" /SUBSYSTEM:WINDOWS /TLBID:1 /DYNAMICBASE /NXCOMPAT /IMPLIB:"C:\Users\multimedia\Documents\GitHub\2015_second_semester\2. window_programming\ch08\Debug\xx02-static.lib" /MACHINE:X86 "Debug\xx02-static.res"
         "Debug\xx02-static.exe.embed.manifest.res"
         Debug\MainFrm.obj
         Debug\stdafx.obj
         "Debug\xx02-static.obj"
         "Debug\xx02-staticDoc.obj"
         "Debug\xx02-staticView.obj"
         LINK : C:\Users\multimedia\Documents\GitHub\2015_second_semester\2. window_programming\ch08\Debug\xx02-static.exe을(를) 찾을 수 없거나 마지막 증분 링크에 의해 빌드되지 않았습니다. 전체 링크를 수행하고 있습니다.
       Manifest:
         c:\Program Files (x86)\Microsoft SDKs\Windows\v7.0A\bin\mt.exe /nologo /verbose /out:"Debug\xx02-static.exe.embed.manifest" /manifest "Debug\xx02-static.exe.intermediate.manifest" "C:\Program Files (x86)\Microsoft Visual Studio 10.0\VC\Include\Manifest\dpiaware.manifest"
         모든 출력이 최신 상태입니다.
       LinkEmbedManifest:
         모든 출력이 최신 상태입니다.
         xx02-static.vcxproj -> C:\Users\multimedia\Documents\GitHub\2015_second_semester\2. window_programming\ch08\Debug\xx02-static.exe
       FinalizeBuildStatus:
         "Debug\xx02-static.unsuccessfulbuild" 파일을 삭제하고 있습니다.
         "Debug\xx02-static.lastbuildstate"에 연결(touching)하고 있습니다.
     1>"C:\Users\multimedia\Documents\GitHub\2015_second_semester\2. window_programming\ch08\xx02-static\xx02-static.vcxproj" 프로젝트를 빌드했습니다(build 대상).

빌드했습니다.

경과 시간: 00:00:05.22
