빌드 시작: 2015-10-20 오후 7:42:36
     1>2 노드의 "C:\Users\multimedia\GitHub\2015_second_semester\2. window_programming\시험대비\Server\Server\Server.vcxproj" 프로젝트(build 대상)입니다.
     1>InitializeBuildStatus:
         "Debug\Server.unsuccessfulbuild"에 연결(touching)하고 있습니다.
       ClCompile:
         C:\Program Files (x86)\Microsoft Visual Studio 10.0\VC\bin\CL.exe /c /ZI /nologo /W3 /WX- /Od /Oy- /D WIN32 /D _DEBUG /D _CONSOLE /D _MBCS /Gm /EHsc /RTC1 /MDd /GS /fp:precise /Zc:wchar_t /Zc:forScope /Fo"Debug\\" /Fd"Debug\vc100.pdb" /Gd /TP /analyze- /errorReport:prompt Server.cpp
         Server.cpp
       ManifestResourceCompile:
         모든 출력이 최신 상태입니다.
       Link:
         C:\Program Files (x86)\Microsoft Visual Studio 10.0\VC\bin\link.exe /ERRORREPORT:PROMPT /OUT:"C:\Users\multimedia\GitHub\2015_second_semester\2. window_programming\시험대비\Server\Debug\Server.exe" /INCREMENTAL /NOLOGO ws2_32.lib kernel32.lib user32.lib gdi32.lib winspool.lib comdlg32.lib advapi32.lib shell32.lib ole32.lib oleaut32.lib uuid.lib odbc32.lib odbccp32.lib /MANIFEST /ManifestFile:"Debug\Server.exe.intermediate.manifest" /MANIFESTUAC:"level='asInvoker' uiAccess='false'" /DEBUG /PDB:"C:\Users\multimedia\GitHub\2015_second_semester\2. window_programming\시험대비\Server\Debug\Server.pdb" /SUBSYSTEM:CONSOLE /TLBID:1 /DYNAMICBASE /NXCOMPAT /IMPLIB:"C:\Users\multimedia\GitHub\2015_second_semester\2. window_programming\시험대비\Server\Debug\Server.lib" /MACHINE:X86 Debug\Server.exe.embed.manifest.res
         Debug\Server.obj
       Manifest:
         c:\Program Files (x86)\Microsoft SDKs\Windows\v7.0A\bin\mt.exe /nologo /verbose /out:"Debug\Server.exe.embed.manifest" /manifest Debug\Server.exe.intermediate.manifest
         c:\Program Files (x86)\Microsoft SDKs\Windows\v7.0A\bin\rc.exe /nologo /fo"Debug\Server.exe.embed.manifest.res" Debug\Server_manifest.rc 
       LinkEmbedManifest:
         C:\Program Files (x86)\Microsoft Visual Studio 10.0\VC\bin\link.exe /ERRORREPORT:PROMPT /OUT:"C:\Users\multimedia\GitHub\2015_second_semester\2. window_programming\시험대비\Server\Debug\Server.exe" /INCREMENTAL /NOLOGO ws2_32.lib kernel32.lib user32.lib gdi32.lib winspool.lib comdlg32.lib advapi32.lib shell32.lib ole32.lib oleaut32.lib uuid.lib odbc32.lib odbccp32.lib /MANIFEST /ManifestFile:"Debug\Server.exe.intermediate.manifest" /MANIFESTUAC:"level='asInvoker' uiAccess='false'" /DEBUG /PDB:"C:\Users\multimedia\GitHub\2015_second_semester\2. window_programming\시험대비\Server\Debug\Server.pdb" /SUBSYSTEM:CONSOLE /TLBID:1 /DYNAMICBASE /NXCOMPAT /IMPLIB:"C:\Users\multimedia\GitHub\2015_second_semester\2. window_programming\시험대비\Server\Debug\Server.lib" /MACHINE:X86 Debug\Server.exe.embed.manifest.res
         Debug\Server.obj
         Server.vcxproj -> C:\Users\multimedia\GitHub\2015_second_semester\2. window_programming\시험대비\Server\Debug\Server.exe
       FinalizeBuildStatus:
         "Debug\Server.unsuccessfulbuild" 파일을 삭제하고 있습니다.
         "Debug\Server.lastbuildstate"에 연결(touching)하고 있습니다.
     1>"C:\Users\multimedia\GitHub\2015_second_semester\2. window_programming\시험대비\Server\Server\Server.vcxproj" 프로젝트를 빌드했습니다(build 대상).

빌드했습니다.

경과 시간: 00:00:01.74
