빌드 시작: 2015-11-10 오후 2:42:02
     1>2 노드의 "D:\1091055\window_programming\ch07\p01_DocumentView\p01_DocumentView.vcxproj" 프로젝트(build 대상)입니다.
     1>InitializeBuildStatus:
         "AlwaysCreate"이(가) 지정되었기 때문에 "Debug\p01_DocumentView.unsuccessfulbuild"을(를) 만들고 있습니다.
       ClCompile:
         모든 출력이 최신 상태입니다.
         C:\Program Files (x86)\Microsoft Visual Studio 10.0\VC\bin\CL.exe /c /ZI /nologo /W3 /WX- /Od /Oy- /D WIN32 /D _WINDOWS /D _DEBUG /D _MBCS /D _AFXDLL /Gm /EHsc /RTC1 /MDd /GS /fp:precise /Zc:wchar_t /Zc:forScope /Yu"StdAfx.h" /Fp"Debug\p01_DocumentView.pch" /Fo"Debug\\" /Fd"Debug\vc100.pdb" /Gd /TP /analyze- /errorReport:prompt p01_DocumentViewView.cpp
         p01_DocumentViewView.cpp
     1>d:\1091055\window_programming\ch07\p01_documentview\p01_documentviewview.cpp(62): warning C4002: 'RGB' 매크로의 실제 매개 변수가 너무 많습니다.
       ResourceCompile:
         모든 출력이 최신 상태입니다.
       ManifestResourceCompile:
         모든 출력이 최신 상태입니다.
       Link:
         C:\Program Files (x86)\Microsoft Visual Studio 10.0\VC\bin\link.exe /ERRORREPORT:PROMPT /OUT:"D:\1091055\window_programming\ch07\Debug\p01_DocumentView.exe" /INCREMENTAL /NOLOGO /MANIFEST /ManifestFile:"Debug\p01_DocumentView.exe.intermediate.manifest" /MANIFESTUAC:"level='asInvoker' uiAccess='false'" /DEBUG /PDB:"D:\1091055\window_programming\ch07\Debug\p01_DocumentView.pdb" /SUBSYSTEM:WINDOWS /TLBID:1 /DYNAMICBASE /NXCOMPAT /IMPLIB:"D:\1091055\window_programming\ch07\Debug\p01_DocumentView.lib" /MACHINE:X86 Debug\p01_DocumentView.res
         Debug\p01_DocumentView.exe.embed.manifest.res
         Debug\MainFrm.obj
         Debug\p01_DocumentView.obj
         Debug\p01_DocumentViewDoc.obj
         Debug\p01_DocumentViewView.obj
         Debug\stdafx.obj
       Manifest:
         C:\Program Files (x86)\Microsoft SDKs\Windows\v7.0A\bin\mt.exe /nologo /verbose /out:"Debug\p01_DocumentView.exe.embed.manifest" /manifest Debug\p01_DocumentView.exe.intermediate.manifest "C:\Program Files (x86)\Microsoft Visual Studio 10.0\VC\Include\Manifest\dpiaware.manifest"
         모든 출력이 최신 상태입니다.
       LinkEmbedManifest:
         모든 출력이 최신 상태입니다.
         p01_DocumentView.vcxproj -> D:\1091055\window_programming\ch07\Debug\p01_DocumentView.exe
       FinalizeBuildStatus:
         "Debug\p01_DocumentView.unsuccessfulbuild" 파일을 삭제하고 있습니다.
         "Debug\p01_DocumentView.lastbuildstate"에 연결(touching)하고 있습니다.
     1>"D:\1091055\window_programming\ch07\p01_DocumentView\p01_DocumentView.vcxproj" 프로젝트를 빌드했습니다(build 대상).

빌드했습니다.

경과 시간: 00:00:00.76
