빌드 시작: 2015-10-13 오후 3:24:08
     1>2 노드의 "C:\Users\multimedia\Desktop\p14-bitmap\p14-bitmap.vcxproj" 프로젝트(build 대상)입니다.
     1>InitializeBuildStatus:
         "AlwaysCreate"이(가) 지정되었기 때문에 "Debug\p14-bitmap.unsuccessfulbuild"을(를) 만들고 있습니다.
       ClCompile:
         모든 출력이 최신 상태입니다.
         C:\Program Files (x86)\Microsoft Visual Studio 10.0\VC\bin\CL.exe /c /ZI /nologo /W3 /WX- /Od /Oy- /D WIN32 /D _WINDOWS /D _DEBUG /D _MBCS /D _AFXDLL /Gm /EHsc /RTC1 /MDd /GS /fp:precise /Zc:wchar_t /Zc:forScope /Yu"StdAfx.h" /Fp"Debug\p14-bitmap.pch" /Fo"Debug\\" /Fd"Debug\vc100.pdb" /Gd /TP /analyze- /errorReport:prompt ChildView.cpp
         ChildView.cpp
       ResourceCompile:
         모든 출력이 최신 상태입니다.
       ManifestResourceCompile:
         모든 출력이 최신 상태입니다.
       Link:
         C:\Program Files (x86)\Microsoft Visual Studio 10.0\VC\bin\link.exe /ERRORREPORT:PROMPT /OUT:"C:\Users\multimedia\Desktop\ch04\Debug\p14-bitmap.exe" /INCREMENTAL /NOLOGO /MANIFEST /ManifestFile:"Debug\p14-bitmap.exe.intermediate.manifest" /MANIFESTUAC:"level='asInvoker' uiAccess='false'" /DEBUG /PDB:"C:\Users\multimedia\Desktop\ch04\Debug\p14-bitmap.pdb" /SUBSYSTEM:WINDOWS /TLBID:1 /DYNAMICBASE /NXCOMPAT /IMPLIB:"C:\Users\multimedia\Desktop\ch04\Debug\p14-bitmap.lib" /MACHINE:X86 "Debug\p14-bitmap.res"
         "Debug\p14-bitmap.exe.embed.manifest.res"
         Debug\ChildView.obj
         Debug\MainFrm.obj
         "Debug\p14-bitmap.obj"
         Debug\stdafx.obj
       Manifest:
         C:\Program Files (x86)\Microsoft SDKs\Windows\v7.0A\bin\mt.exe /nologo /verbose /out:"Debug\p14-bitmap.exe.embed.manifest" /manifest "Debug\p14-bitmap.exe.intermediate.manifest" "C:\Program Files (x86)\Microsoft Visual Studio 10.0\VC\Include\Manifest\dpiaware.manifest"
         모든 출력이 최신 상태입니다.
       LinkEmbedManifest:
         모든 출력이 최신 상태입니다.
         p14-bitmap.vcxproj -> C:\Users\multimedia\Desktop\ch04\Debug\p14-bitmap.exe
       FinalizeBuildStatus:
         "Debug\p14-bitmap.unsuccessfulbuild" 파일을 삭제하고 있습니다.
         "Debug\p14-bitmap.lastbuildstate"에 연결(touching)하고 있습니다.
     1>"C:\Users\multimedia\Desktop\p14-bitmap\p14-bitmap.vcxproj" 프로젝트를 빌드했습니다(build 대상).

빌드했습니다.

경과 시간: 00:00:00.48
