D:\3-WINDOWSPROGRAMMING\2015\CH01EXPAND\CPROGRAM2WITHFUNCTION\DEBUG\CPROGRAM2WITHFUNCTION.EXE.EMBED.MANIFEST
D:\3-WINDOWSPROGRAMMING\2015\CH01EXPAND\CPROGRAM2WITHFUNCTION\DEBUG\CPROGRAM2WITHFUNCTION.EXE.EMBED.MANIFEST.RES
D:\3-WINDOWSPROGRAMMING\2015\CH01EXPAND\CPROGRAM2WITHFUNCTION\DEBUG\CPROGRAM2WITHFUNCTION.EXE.INTERMEDIATE.MANIFEST
D:\3-WINDOWSPROGRAMMING\2015\CH01EXPAND\CPROGRAM2WITHFUNCTION\DEBUG\MYOUTPUT.OBJ
D:\3-WINDOWSPROGRAMMING\2015\CH01EXPAND\CPROGRAM2WITHFUNCTION\DEBUG\TEST.OBJ
D:\3-WINDOWSPROGRAMMING\2015\CH01EXPAND\CPROGRAM2WITHFUNCTION\DEBUG\VC100.PDB
D:\3-WINDOWSPROGRAMMING\2015\CH01EXPAND\DEBUG\CPROGRAM2WITHFUNCTION.EXE
D:\3-WINDOWSPROGRAMMING\2015\CH01EXPAND\DEBUG\CPROGRAM2WITHFUNCTION.ILK
D:\3-WINDOWSPROGRAMMING\2015\CH01EXPAND\DEBUG\CPROGRAM2WITHFUNCTION.PDB
D:\3-WindowsProgramming\2015\ch01expandstudent\cprogram2withfunction\Debug\cl.command.1.tlog
D:\3-WindowsProgramming\2015\ch01expandstudent\cprogram2withfunction\Debug\CL.read.1.tlog
D:\3-WindowsProgramming\2015\ch01expandstudent\cprogram2withfunction\Debug\CL.write.1.tlog
D:\3-WindowsProgramming\2015\ch01expandstudent\cprogram2withfunction\Debug\cprogram2withfunction.exe.embed.manifest
D:\3-WindowsProgramming\2015\ch01expandstudent\cprogram2withfunction\Debug\cprogram2withfunction.exe.embed.manifest.res
D:\3-WindowsProgramming\2015\ch01expandstudent\cprogram2withfunction\Debug\cprogram2withfunction.exe.intermediate.manifest
D:\3-WindowsProgramming\2015\ch01expandstudent\cprogram2withfunction\Debug\cprogram2withfunction.write.1.tlog
D:\3-WindowsProgramming\2015\ch01expandstudent\cprogram2withfunction\Debug\cprogram2withfunction_manifest.rc
D:\3-WindowsProgramming\2015\ch01expandstudent\cprogram2withfunction\Debug\link.2500.read.1.tlog
D:\3-WindowsProgramming\2015\ch01expandstudent\cprogram2withfunction\Debug\link.2500.write.1.tlog
D:\3-WindowsProgramming\2015\ch01expandstudent\cprogram2withfunction\Debug\link.2500-cvtres.read.1.tlog
D:\3-WindowsProgramming\2015\ch01expandstudent\cprogram2withfunction\Debug\link.2500-cvtres.write.1.tlog
D:\3-WindowsProgramming\2015\ch01expandstudent\cprogram2withfunction\Debug\link.276.read.1.tlog
D:\3-WindowsProgramming\2015\ch01expandstudent\cprogram2withfunction\Debug\link.276.write.1.tlog
D:\3-WindowsProgramming\2015\ch01expandstudent\cprogram2withfunction\Debug\link.276-cvtres.read.1.tlog
D:\3-WindowsProgramming\2015\ch01expandstudent\cprogram2withfunction\Debug\link.276-cvtres.write.1.tlog
D:\3-WindowsProgramming\2015\ch01expandstudent\cprogram2withfunction\Debug\link.command.1.tlog
D:\3-WindowsProgramming\2015\ch01expandstudent\cprogram2withfunction\Debug\link.read.1.tlog
D:\3-WindowsProgramming\2015\ch01expandstudent\cprogram2withfunction\Debug\link.write.1.tlog
D:\3-WindowsProgramming\2015\ch01expandstudent\cprogram2withfunction\Debug\link-cvtres.read.1.tlog
D:\3-WindowsProgramming\2015\ch01expandstudent\cprogram2withfunction\Debug\link-cvtres.write.1.tlog
D:\3-WindowsProgramming\2015\ch01expandstudent\cprogram2withfunction\Debug\mt.command.1.tlog
D:\3-WindowsProgramming\2015\ch01expandstudent\cprogram2withfunction\Debug\mt.read.1.tlog
D:\3-WindowsProgramming\2015\ch01expandstudent\cprogram2withfunction\Debug\mt.write.1.tlog
D:\3-WINDOWSPROGRAMMING\2015\CH01EXPANDSTUDENT\CPROGRAM2WITHFUNCTION\DEBUG\MYOUTPUT.OBJ
D:\3-WindowsProgramming\2015\ch01expandstudent\cprogram2withfunction\Debug\rc.command.1.tlog
D:\3-WindowsProgramming\2015\ch01expandstudent\cprogram2withfunction\Debug\rc.read.1.tlog
D:\3-WindowsProgramming\2015\ch01expandstudent\cprogram2withfunction\Debug\rc.write.1.tlog
D:\3-WindowsProgramming\2015\ch01expandstudent\cprogram2withfunction\Debug\vc100.idb
D:\3-WINDOWSPROGRAMMING\2015\CH01EXPANDSTUDENT\CPROGRAM2WITHFUNCTION\DEBUG\VC100.PDB
D:\3-WindowsProgramming\2015\ch01expandstudent\Debug\cprogram2withfunction.exe
D:\3-WindowsProgramming\2015\ch01expandstudent\Debug\cprogram2withfunction.ilk
D:\3-WindowsProgramming\2015\ch01expandstudent\Debug\cprogram2withfunction.pdb
