D:\B-MYPROGRAMS\JMLEEGAME\RELEASE\THEGAME.EXE
D:\B-MYPROGRAMS\JMLEEGAME\RELEASE\THEGAME.PDB
D:\B-MYPROGRAMS\JMLEEGAME\THEGAME\RELEASE\ASSETS.OBJ
D:\B-MYPROGRAMS\JMLEEGAME\THEGAME\RELEASE\AUDIO.OBJ
D:\B-MYPROGRAMS\JMLEEGAME\THEGAME\RELEASE\CHILDVIEW.OBJ
D:\b-myprograms\JmleeGame\TheGame\Release\cl.command.1.tlog
D:\b-myprograms\JmleeGame\TheGame\Release\CL.read.1.tlog
D:\b-myprograms\JmleeGame\TheGame\Release\CL.write.1.tlog
D:\B-MYPROGRAMS\JMLEEGAME\THEGAME\RELEASE\GAME.OBJ
D:\B-MYPROGRAMS\JMLEEGAME\THEGAME\RELEASE\GAMESCREEN.OBJ
D:\B-MYPROGRAMS\JMLEEGAME\THEGAME\RELEASE\GRAPHICS.OBJ
D:\B-MYPROGRAMS\JMLEEGAME\THEGAME\RELEASE\HELPSCREEN.OBJ
D:\B-MYPROGRAMS\JMLEEGAME\THEGAME\RELEASE\HELPSCREEN2.OBJ
D:\B-MYPROGRAMS\JMLEEGAME\THEGAME\RELEASE\HELPSCREEN3.OBJ
D:\B-MYPROGRAMS\JMLEEGAME\THEGAME\RELEASE\HIGHSCORESCREEN.OBJ
D:\B-MYPROGRAMS\JMLEEGAME\THEGAME\RELEASE\INPUT.OBJ
D:\B-MYPROGRAMS\JMLEEGAME\THEGAME\RELEASE\KEYBOARDHANDLER.OBJ
D:\B-MYPROGRAMS\JMLEEGAME\THEGAME\RELEASE\KEYEVENT.OBJ
D:\b-myprograms\JmleeGame\TheGame\Release\link.command.1.tlog
D:\b-myprograms\JmleeGame\TheGame\Release\link.read.1.tlog
D:\b-myprograms\JmleeGame\TheGame\Release\link.write.1.tlog
D:\b-myprograms\JmleeGame\TheGame\Release\link-cvtres.read.1.tlog
D:\b-myprograms\JmleeGame\TheGame\Release\link-cvtres.write.1.tlog
D:\B-MYPROGRAMS\JMLEEGAME\THEGAME\RELEASE\LOADINGSCREEN.OBJ
D:\B-MYPROGRAMS\JMLEEGAME\THEGAME\RELEASE\MAINFRM.OBJ
D:\B-MYPROGRAMS\JMLEEGAME\THEGAME\RELEASE\MAINMENUSCREEN.OBJ
D:\B-MYPROGRAMS\JMLEEGAME\THEGAME\RELEASE\MFCAUDIO.OBJ
D:\B-MYPROGRAMS\JMLEEGAME\THEGAME\RELEASE\MFCGAME.OBJ
D:\B-MYPROGRAMS\JMLEEGAME\THEGAME\RELEASE\MFCGRAPHICS.OBJ
D:\B-MYPROGRAMS\JMLEEGAME\THEGAME\RELEASE\MFCINPUT.OBJ
D:\B-MYPROGRAMS\JMLEEGAME\THEGAME\RELEASE\MFCMUSIC.OBJ
D:\B-MYPROGRAMS\JMLEEGAME\THEGAME\RELEASE\MFCPIXMAP.OBJ
D:\B-MYPROGRAMS\JMLEEGAME\THEGAME\RELEASE\MFCSOUND.OBJ
D:\B-MYPROGRAMS\JMLEEGAME\THEGAME\RELEASE\MOUSEEVENT.OBJ
D:\B-MYPROGRAMS\JMLEEGAME\THEGAME\RELEASE\MOUSEHANDLER.OBJ
D:\B-MYPROGRAMS\JMLEEGAME\THEGAME\RELEASE\MRNOMGAME.OBJ
D:\b-myprograms\JmleeGame\TheGame\Release\mt.command.1.tlog
D:\b-myprograms\JmleeGame\TheGame\Release\mt.read.1.tlog
D:\b-myprograms\JmleeGame\TheGame\Release\mt.write.1.tlog
D:\B-MYPROGRAMS\JMLEEGAME\THEGAME\RELEASE\MUSIC.OBJ
D:\B-MYPROGRAMS\JMLEEGAME\THEGAME\RELEASE\PIXMAP.OBJ
D:\b-myprograms\JmleeGame\TheGame\Release\rc.command.1.tlog
D:\b-myprograms\JmleeGame\TheGame\Release\rc.read.1.tlog
D:\b-myprograms\JmleeGame\TheGame\Release\rc.write.1.tlog
D:\B-MYPROGRAMS\JMLEEGAME\THEGAME\RELEASE\SCREEN.OBJ
D:\B-MYPROGRAMS\JMLEEGAME\THEGAME\RELEASE\SETTINGS.OBJ
D:\B-MYPROGRAMS\JMLEEGAME\THEGAME\RELEASE\SNAKE.OBJ
D:\B-MYPROGRAMS\JMLEEGAME\THEGAME\RELEASE\SNAKEPART.OBJ
D:\B-MYPROGRAMS\JMLEEGAME\THEGAME\RELEASE\SOUND.OBJ
D:\B-MYPROGRAMS\JMLEEGAME\THEGAME\RELEASE\STAIN.OBJ
D:\B-MYPROGRAMS\JMLEEGAME\THEGAME\RELEASE\STDAFX.OBJ
D:\B-MYPROGRAMS\JMLEEGAME\THEGAME\RELEASE\THEGAME.EXE.INTERMEDIATE.MANIFEST
D:\B-MYPROGRAMS\JMLEEGAME\THEGAME\RELEASE\THEGAME.OBJ
D:\B-MYPROGRAMS\JMLEEGAME\THEGAME\RELEASE\THEGAME.PCH
D:\B-MYPROGRAMS\JMLEEGAME\THEGAME\RELEASE\THEGAME.RES
D:\b-myprograms\JmleeGame\TheGame\Release\TheGame.vcxprojResolveAssemblyReference.cache
D:\b-myprograms\JmleeGame\TheGame\Release\TheGame.write.1.tlog
D:\B-MYPROGRAMS\JMLEEGAME\THEGAME\RELEASE\VC100.PDB
D:\B-MYPROGRAMS\JMLEEGAME\THEGAME\RELEASE\WORLD.OBJ
