D:\1091055\WINDOW_PROGRAMMING\CH06\DEBUG\P00-MENU.EXE
D:\1091055\WINDOW_PROGRAMMING\CH06\DEBUG\P00-MENU.ILK
D:\1091055\WINDOW_PROGRAMMING\CH06\DEBUG\P00-MENU.PDB
D:\1091055\WINDOW_PROGRAMMING\CH06\P00-MENU\DEBUG\CHILDVIEW.OBJ
D:\1091055\window_programming\ch06\p00-Menu\Debug\cl.command.1.tlog
D:\1091055\window_programming\ch06\p00-Menu\Debug\CL.read.1.tlog
D:\1091055\window_programming\ch06\p00-Menu\Debug\CL.write.1.tlog
D:\1091055\window_programming\ch06\p00-Menu\Debug\link.command.1.tlog
D:\1091055\window_programming\ch06\p00-Menu\Debug\link.read.1.tlog
D:\1091055\window_programming\ch06\p00-Menu\Debug\link.write.1.tlog
D:\1091055\window_programming\ch06\p00-Menu\Debug\link-cvtres.read.1.tlog
D:\1091055\window_programming\ch06\p00-Menu\Debug\link-cvtres.write.1.tlog
D:\1091055\WINDOW_PROGRAMMING\CH06\P00-MENU\DEBUG\MAINFRM.OBJ
D:\1091055\window_programming\ch06\p00-Menu\Debug\mt.command.1.tlog
D:\1091055\window_programming\ch06\p00-Menu\Debug\mt.read.1.tlog
D:\1091055\window_programming\ch06\p00-Menu\Debug\mt.write.1.tlog
D:\1091055\WINDOW_PROGRAMMING\CH06\P00-MENU\DEBUG\P00-MENU.EXE.EMBED.MANIFEST
D:\1091055\WINDOW_PROGRAMMING\CH06\P00-MENU\DEBUG\P00-MENU.EXE.EMBED.MANIFEST.RES
D:\1091055\WINDOW_PROGRAMMING\CH06\P00-MENU\DEBUG\P00-MENU.EXE.INTERMEDIATE.MANIFEST
D:\1091055\WINDOW_PROGRAMMING\CH06\P00-MENU\DEBUG\P00-MENU.OBJ
D:\1091055\WINDOW_PROGRAMMING\CH06\P00-MENU\DEBUG\P00-MENU.PCH
D:\1091055\WINDOW_PROGRAMMING\CH06\P00-MENU\DEBUG\P00-MENU.RES
D:\1091055\window_programming\ch06\p00-Menu\Debug\p00-Menu_manifest.rc
D:\1091055\window_programming\ch06\p00-Menu\Debug\rc.command.1.tlog
D:\1091055\window_programming\ch06\p00-Menu\Debug\rc.read.1.tlog
D:\1091055\window_programming\ch06\p00-Menu\Debug\rc.write.1.tlog
D:\1091055\WINDOW_PROGRAMMING\CH06\P00-MENU\DEBUG\STDAFX.OBJ
D:\1091055\window_programming\ch06\p00-Menu\Debug\vc100.idb
D:\1091055\WINDOW_PROGRAMMING\CH06\P00-MENU\DEBUG\VC100.PDB
