D:\3-WINDOWSPROGRAMMING\2015\CH01EXPAND\CPROGRAM3WITHPLUS\DEBUG\CPROGRAM3WITHPLUS.EXE.EMBED.MANIFEST
D:\3-WINDOWSPROGRAMMING\2015\CH01EXPAND\CPROGRAM3WITHPLUS\DEBUG\CPROGRAM3WITHPLUS.EXE.EMBED.MANIFEST.RES
D:\3-WINDOWSPROGRAMMING\2015\CH01EXPAND\CPROGRAM3WITHPLUS\DEBUG\CPROGRAM3WITHPLUS.EXE.INTERMEDIATE.MANIFEST
D:\3-WINDOWSPROGRAMMING\2015\CH01EXPAND\CPROGRAM3WITHPLUS\DEBUG\MYOUTPUT.OBJ
D:\3-WINDOWSPROGRAMMING\2015\CH01EXPAND\CPROGRAM3WITHPLUS\DEBUG\TEST.OBJ
D:\3-WINDOWSPROGRAMMING\2015\CH01EXPAND\CPROGRAM3WITHPLUS\DEBUG\VC100.PDB
D:\3-WINDOWSPROGRAMMING\2015\CH01EXPAND\DEBUG\CPROGRAM3WITHPLUS.EXE
D:\3-WINDOWSPROGRAMMING\2015\CH01EXPAND\DEBUG\CPROGRAM3WITHPLUS.ILK
D:\3-WINDOWSPROGRAMMING\2015\CH01EXPAND\DEBUG\CPROGRAM3WITHPLUS.PDB
D:\3-WindowsProgramming\2015\ch01expandstudent\cprogram3withplus\Debug\cl.command.1.tlog
D:\3-WindowsProgramming\2015\ch01expandstudent\cprogram3withplus\Debug\CL.read.1.tlog
D:\3-WindowsProgramming\2015\ch01expandstudent\cprogram3withplus\Debug\CL.write.1.tlog
D:\3-WindowsProgramming\2015\ch01expandstudent\cprogram3withplus\Debug\cprogram3withplus.exe.embed.manifest
D:\3-WindowsProgramming\2015\ch01expandstudent\cprogram3withplus\Debug\cprogram3withplus.exe.embed.manifest.res
D:\3-WindowsProgramming\2015\ch01expandstudent\cprogram3withplus\Debug\cprogram3withplus.exe.intermediate.manifest
D:\3-WindowsProgramming\2015\ch01expandstudent\cprogram3withplus\Debug\cprogram3withplus.write.1.tlog
D:\3-WindowsProgramming\2015\ch01expandstudent\cprogram3withplus\Debug\cprogram3withplus_manifest.rc
D:\3-WindowsProgramming\2015\ch01expandstudent\cprogram3withplus\Debug\link.6000.read.1.tlog
D:\3-WindowsProgramming\2015\ch01expandstudent\cprogram3withplus\Debug\link.6000.write.1.tlog
D:\3-WindowsProgramming\2015\ch01expandstudent\cprogram3withplus\Debug\link.6000-cvtres.read.1.tlog
D:\3-WindowsProgramming\2015\ch01expandstudent\cprogram3withplus\Debug\link.6000-cvtres.write.1.tlog
D:\3-WindowsProgramming\2015\ch01expandstudent\cprogram3withplus\Debug\link.command.1.tlog
D:\3-WindowsProgramming\2015\ch01expandstudent\cprogram3withplus\Debug\link.read.1.tlog
D:\3-WindowsProgramming\2015\ch01expandstudent\cprogram3withplus\Debug\link.write.1.tlog
D:\3-WindowsProgramming\2015\ch01expandstudent\cprogram3withplus\Debug\link-cvtres.read.1.tlog
D:\3-WindowsProgramming\2015\ch01expandstudent\cprogram3withplus\Debug\link-cvtres.write.1.tlog
D:\3-WindowsProgramming\2015\ch01expandstudent\cprogram3withplus\Debug\mt.command.1.tlog
D:\3-WindowsProgramming\2015\ch01expandstudent\cprogram3withplus\Debug\mt.read.1.tlog
D:\3-WindowsProgramming\2015\ch01expandstudent\cprogram3withplus\Debug\mt.write.1.tlog
D:\3-WindowsProgramming\2015\ch01expandstudent\cprogram3withplus\Debug\myoutput.obj
D:\3-WindowsProgramming\2015\ch01expandstudent\cprogram3withplus\Debug\rc.command.1.tlog
D:\3-WindowsProgramming\2015\ch01expandstudent\cprogram3withplus\Debug\rc.read.1.tlog
D:\3-WindowsProgramming\2015\ch01expandstudent\cprogram3withplus\Debug\rc.write.1.tlog
D:\3-WindowsProgramming\2015\ch01expandstudent\cprogram3withplus\Debug\test.obj
D:\3-WindowsProgramming\2015\ch01expandstudent\cprogram3withplus\Debug\vc100.idb
D:\3-WindowsProgramming\2015\ch01expandstudent\cprogram3withplus\Debug\vc100.pdb
D:\3-WindowsProgramming\2015\ch01expandstudent\Debug\cprogram3withplus.exe
D:\3-WindowsProgramming\2015\ch01expandstudent\Debug\cprogram3withplus.ilk
D:\3-WindowsProgramming\2015\ch01expandstudent\Debug\cprogram3withplus.pdb
