빌드 시작: 2015-09-01 오후 2:31:21
     1>2 노드의 "C:\Users\multimedia\Downloads\ch01expandstudent\cprogram1\cprogram1.vcxproj" 프로젝트(build 대상)입니다.
     1>InitializeBuildStatus:
         "AlwaysCreate"이(가) 지정되었기 때문에 "Debug\cprogram1.unsuccessfulbuild"을(를) 만들고 있습니다.
       ClCompile:
         C:\Program Files (x86)\Microsoft Visual Studio 10.0\VC\bin\CL.exe /c /ZI /nologo /W3 /WX- /Od /Oy- /D WIN32 /D _DEBUG /D _CONSOLE /D _UNICODE /D UNICODE /Gm /EHsc /RTC1 /MDd /GS /fp:precise /Zc:wchar_t /Zc:forScope /Fo"Debug\\" /Fd"Debug\vc100.pdb" /Gd /TP /analyze- /errorReport:prompt test.cpp
         test.cpp
     1>c:\users\multimedia\downloads\ch01expandstudent\cprogram1\test.cpp(7): warning C4996: 'scanf': This function or variable may be unsafe. Consider using scanf_s instead. To disable deprecation, use _CRT_SECURE_NO_WARNINGS. See online help for details.
                 c:\program files (x86)\microsoft visual studio 10.0\vc\include\stdio.h(304) : 'scanf' 선언을 참조하십시오.
       ManifestResourceCompile:
         C:\Program Files (x86)\Microsoft SDKs\Windows\v7.0A\bin\rc.exe /nologo /fo"Debug\cprogram1.exe.embed.manifest.res" Debug\cprogram1_manifest.rc 
       Link:
         C:\Program Files (x86)\Microsoft Visual Studio 10.0\VC\bin\link.exe /ERRORREPORT:PROMPT /OUT:"C:\Users\multimedia\Downloads\ch01expandstudent\Debug\cprogram1.exe" /INCREMENTAL /NOLOGO kernel32.lib user32.lib gdi32.lib winspool.lib comdlg32.lib advapi32.lib shell32.lib ole32.lib oleaut32.lib uuid.lib odbc32.lib odbccp32.lib /MANIFEST /ManifestFile:"Debug\cprogram1.exe.intermediate.manifest" /MANIFESTUAC:"level='asInvoker' uiAccess='false'" /DEBUG /PDB:"C:\Users\multimedia\Downloads\ch01expandstudent\Debug\cprogram1.pdb" /SUBSYSTEM:CONSOLE /TLBID:1 /DYNAMICBASE /NXCOMPAT /IMPLIB:"C:\Users\multimedia\Downloads\ch01expandstudent\Debug\cprogram1.lib" /MACHINE:X86 Debug\cprogram1.exe.embed.manifest.res
         Debug\test.obj
       Manifest:
         C:\Program Files (x86)\Microsoft SDKs\Windows\v7.0A\bin\mt.exe /nologo /verbose /out:"Debug\cprogram1.exe.embed.manifest" /manifest Debug\cprogram1.exe.intermediate.manifest
         C:\Program Files (x86)\Microsoft SDKs\Windows\v7.0A\bin\rc.exe /nologo /fo"Debug\cprogram1.exe.embed.manifest.res" Debug\cprogram1_manifest.rc 
       LinkEmbedManifest:
         C:\Program Files (x86)\Microsoft Visual Studio 10.0\VC\bin\link.exe /ERRORREPORT:PROMPT /OUT:"C:\Users\multimedia\Downloads\ch01expandstudent\Debug\cprogram1.exe" /INCREMENTAL /NOLOGO kernel32.lib user32.lib gdi32.lib winspool.lib comdlg32.lib advapi32.lib shell32.lib ole32.lib oleaut32.lib uuid.lib odbc32.lib odbccp32.lib /MANIFEST /ManifestFile:"Debug\cprogram1.exe.intermediate.manifest" /MANIFESTUAC:"level='asInvoker' uiAccess='false'" /DEBUG /PDB:"C:\Users\multimedia\Downloads\ch01expandstudent\Debug\cprogram1.pdb" /SUBSYSTEM:CONSOLE /TLBID:1 /DYNAMICBASE /NXCOMPAT /IMPLIB:"C:\Users\multimedia\Downloads\ch01expandstudent\Debug\cprogram1.lib" /MACHINE:X86 Debug\cprogram1.exe.embed.manifest.res
         Debug\test.obj
         cprogram1.vcxproj -> C:\Users\multimedia\Downloads\ch01expandstudent\Debug\cprogram1.exe
       FinalizeBuildStatus:
         "Debug\cprogram1.unsuccessfulbuild" 파일을 삭제하고 있습니다.
         "Debug\cprogram1.lastbuildstate"에 연결(touching)하고 있습니다.
     1>"C:\Users\multimedia\Downloads\ch01expandstudent\cprogram1\cprogram1.vcxproj" 프로젝트를 빌드했습니다(build 대상).

빌드했습니다.

경과 시간: 00:00:05.89
