D:\3-WINDOWSPROGRAMMING\2015\CH01EXPAND\CPROGRAM1\DEBUG\CPROGRAM1.EXE.EMBED.MANIFEST
D:\3-WINDOWSPROGRAMMING\2015\CH01EXPAND\CPROGRAM1\DEBUG\CPROGRAM1.EXE.EMBED.MANIFEST.RES
D:\3-WINDOWSPROGRAMMING\2015\CH01EXPAND\CPROGRAM1\DEBUG\CPROGRAM1.EXE.INTERMEDIATE.MANIFEST
D:\3-WINDOWSPROGRAMMING\2015\CH01EXPAND\CPROGRAM1\DEBUG\TEST.OBJ
D:\3-WINDOWSPROGRAMMING\2015\CH01EXPAND\CPROGRAM1\DEBUG\VC100.PDB
D:\3-WINDOWSPROGRAMMING\2015\CH01EXPAND\DEBUG\CPROGRAM1.EXE
D:\3-WINDOWSPROGRAMMING\2015\CH01EXPAND\DEBUG\CPROGRAM1.ILK
D:\3-WINDOWSPROGRAMMING\2015\CH01EXPAND\DEBUG\CPROGRAM1.PDB
D:\3-WindowsProgramming\2015\ch01expandstudent\cprogram1\Debug\cl.command.1.tlog
D:\3-WindowsProgramming\2015\ch01expandstudent\cprogram1\Debug\CL.read.1.tlog
D:\3-WindowsProgramming\2015\ch01expandstudent\cprogram1\Debug\CL.write.1.tlog
D:\3-WindowsProgramming\2015\ch01expandstudent\cprogram1\Debug\cprogram1.exe.embed.manifest
D:\3-WindowsProgramming\2015\ch01expandstudent\cprogram1\Debug\cprogram1.exe.embed.manifest.res
D:\3-WindowsProgramming\2015\ch01expandstudent\cprogram1\Debug\cprogram1.exe.intermediate.manifest
D:\3-WindowsProgramming\2015\ch01expandstudent\cprogram1\Debug\cprogram1.write.1.tlog
D:\3-WindowsProgramming\2015\ch01expandstudent\cprogram1\Debug\cprogram1_manifest.rc
D:\3-WindowsProgramming\2015\ch01expandstudent\cprogram1\Debug\link.1744.read.1.tlog
D:\3-WindowsProgramming\2015\ch01expandstudent\cprogram1\Debug\link.1744.write.1.tlog
D:\3-WindowsProgramming\2015\ch01expandstudent\cprogram1\Debug\link.1744-cvtres.read.1.tlog
D:\3-WindowsProgramming\2015\ch01expandstudent\cprogram1\Debug\link.1744-cvtres.write.1.tlog
D:\3-WindowsProgramming\2015\ch01expandstudent\cprogram1\Debug\link.command.1.tlog
D:\3-WindowsProgramming\2015\ch01expandstudent\cprogram1\Debug\link.read.1.tlog
D:\3-WindowsProgramming\2015\ch01expandstudent\cprogram1\Debug\link.write.1.tlog
D:\3-WindowsProgramming\2015\ch01expandstudent\cprogram1\Debug\link-cvtres.read.1.tlog
D:\3-WindowsProgramming\2015\ch01expandstudent\cprogram1\Debug\link-cvtres.write.1.tlog
D:\3-WindowsProgramming\2015\ch01expandstudent\cprogram1\Debug\mt.command.1.tlog
D:\3-WindowsProgramming\2015\ch01expandstudent\cprogram1\Debug\mt.read.1.tlog
D:\3-WindowsProgramming\2015\ch01expandstudent\cprogram1\Debug\mt.write.1.tlog
D:\3-WindowsProgramming\2015\ch01expandstudent\cprogram1\Debug\rc.command.1.tlog
D:\3-WindowsProgramming\2015\ch01expandstudent\cprogram1\Debug\rc.read.1.tlog
D:\3-WindowsProgramming\2015\ch01expandstudent\cprogram1\Debug\rc.write.1.tlog
D:\3-WindowsProgramming\2015\ch01expandstudent\cprogram1\Debug\test.obj
D:\3-WindowsProgramming\2015\ch01expandstudent\cprogram1\Debug\vc100.idb
D:\3-WindowsProgramming\2015\ch01expandstudent\cprogram1\Debug\vc100.pdb
D:\3-WindowsProgramming\2015\ch01expandstudent\Debug\cprogram1.exe
D:\3-WindowsProgramming\2015\ch01expandstudent\Debug\cprogram1.ilk
D:\3-WindowsProgramming\2015\ch01expandstudent\Debug\cprogram1.pdb
