빌드 시작: 2015-10-27 오후 4:40:21
     1>2 노드의 "D:\1091055\window_programming\ch05\x15-Freelines\x15-Freelines.vcxproj" 프로젝트(build 대상)입니다.
     1>InitializeBuildStatus:
         "AlwaysCreate"이(가) 지정되었기 때문에 "Debug\x15-Freelines.unsuccessfulbuild"을(를) 만들고 있습니다.
       ClCompile:
         모든 출력이 최신 상태입니다.
         C:\Program Files (x86)\Microsoft Visual Studio 10.0\VC\bin\CL.exe /c /ZI /nologo /W3 /WX- /Od /Oy- /D WIN32 /D _WINDOWS /D _DEBUG /D _MBCS /D _AFXDLL /Gm /EHsc /RTC1 /MDd /GS /fp:precise /Zc:wchar_t /Zc:forScope /Yu"StdAfx.h" /Fp"Debug\x15-Freelines.pch" /Fo"Debug\\" /Fd"Debug\vc100.pdb" /Gd /TP /analyze- /errorReport:prompt ChildView.cpp
         ChildView.cpp
     1>d:\1091055\window_programming\ch05\x15-freelines\childview.cpp(53): warning C4018: '<' : signed 또는 unsigned가 일치하지 않습니다.
       ResourceCompile:
         모든 출력이 최신 상태입니다.
       ManifestResourceCompile:
         모든 출력이 최신 상태입니다.
       Link:
         C:\Program Files (x86)\Microsoft Visual Studio 10.0\VC\bin\link.exe /ERRORREPORT:PROMPT /OUT:"D:\1091055\window_programming\ch05\Debug\x15-Freelines.exe" /INCREMENTAL /NOLOGO /MANIFEST /ManifestFile:"Debug\x15-Freelines.exe.intermediate.manifest" /MANIFESTUAC:"level='asInvoker' uiAccess='false'" /DEBUG /PDB:"D:\1091055\window_programming\ch05\Debug\x15-Freelines.pdb" /SUBSYSTEM:WINDOWS /TLBID:1 /DYNAMICBASE /NXCOMPAT /IMPLIB:"D:\1091055\window_programming\ch05\Debug\x15-Freelines.lib" /MACHINE:X86 "Debug\x15-Freelines.res"
         "Debug\x15-Freelines.exe.embed.manifest.res"
         Debug\ChildView.obj
         Debug\MainFrm.obj
         Debug\stdafx.obj
         "Debug\x15-Freelines.obj"
       Manifest:
         C:\Program Files (x86)\Microsoft SDKs\Windows\v7.0A\bin\mt.exe /nologo /verbose /out:"Debug\x15-Freelines.exe.embed.manifest" /manifest "Debug\x15-Freelines.exe.intermediate.manifest" "C:\Program Files (x86)\Microsoft Visual Studio 10.0\VC\Include\Manifest\dpiaware.manifest"
         모든 출력이 최신 상태입니다.
       LinkEmbedManifest:
         모든 출력이 최신 상태입니다.
         x15-Freelines.vcxproj -> D:\1091055\window_programming\ch05\Debug\x15-Freelines.exe
       FinalizeBuildStatus:
         "Debug\x15-Freelines.unsuccessfulbuild" 파일을 삭제하고 있습니다.
         "Debug\x15-Freelines.lastbuildstate"에 연결(touching)하고 있습니다.
     1>"D:\1091055\window_programming\ch05\x15-Freelines\x15-Freelines.vcxproj" 프로젝트를 빌드했습니다(build 대상).

빌드했습니다.

경과 시간: 00:00:00.61
